ARM GAS  C:\Users\Martina\AppData\Local\Temp\ccmseuvz.s 			page 1


   1              		.syntax unified
   2              		.cpu cortex-m3
   3              		.fpu softvfp
   4              		.eabi_attribute 20, 1
   5              		.eabi_attribute 21, 1
   6              		.eabi_attribute 23, 3
   7              		.eabi_attribute 24, 1
   8              		.eabi_attribute 25, 1
   9              		.eabi_attribute 26, 1
  10              		.eabi_attribute 30, 1
  11              		.eabi_attribute 34, 1
  12              		.eabi_attribute 18, 4
  13              		.thumb
  14              		.syntax unified
  15              		.file	"main.c"
  16              		.text
  17              	.Ltext0:
  18              		.cfi_sections	.debug_frame
  19              		.global	__aeabi_i2d
  20              		.global	__aeabi_dmul
  21              		.global	__aeabi_d2f
  22              		.global	__aeabi_f2d
  23              		.section	.text.main,"ax",%progbits
  24              		.align	2
  25              		.global	main
  26              		.thumb
  27              		.thumb_func
  28              		.type	main, %function
  29              	main:
  30              	.LFB64:
  31              		.file 1 "main.c"
   1:main.c        **** /* ========================================
   2:main.c        ****  *
   3:main.c        ****  * Legge sempre lo stesso valore cioè il primo
   4:main.c        ****  * ad ogni overrun
   5:main.c        ****  *
   6:main.c        ****  * ========================================
   7:main.c        **** */
   8:main.c        **** #include <stdio.h>
   9:main.c        **** #include "project.h"
  10:main.c        **** #include "../src_shared/I2C_Interface.h"
  11:main.c        **** #include "../src_shared/LIS3DH.h"
  12:main.c        **** 
  13:main.c        **** int main(void)
  14:main.c        **** {
  32              		.loc 1 14 0
  33              		.cfi_startproc
  34              		@ args = 0, pretend = 0, frame = 432
  35              		@ frame_needed = 0, uses_anonymous_args = 0
  36 0000 2DE9F041 		push	{r4, r5, r6, r7, r8, lr}
  37              		.cfi_def_cfa_offset 24
  38              		.cfi_offset 4, -24
  39              		.cfi_offset 5, -20
  40              		.cfi_offset 6, -16
  41              		.cfi_offset 7, -12
  42              		.cfi_offset 8, -8
  43              		.cfi_offset 14, -4
ARM GAS  C:\Users\Martina\AppData\Local\Temp\ccmseuvz.s 			page 2


  44 0004 F0B0     		sub	sp, sp, #448
  45              		.cfi_def_cfa_offset 472
  15:main.c        ****     CyGlobalIntEnable; /* Enable global interrupts. */
  46              		.loc 1 15 0
  47              		.syntax unified
  48              	@ 15 "main.c" 1
  49 0006 62B6     		CPSIE   i
  50              	@ 0 "" 2
  16:main.c        **** 
  17:main.c        ****     /* Place your initialization/startup code here (e.g. MyInst_Start()) */
  18:main.c        ****     I2C_Peripheral_Start();
  51              		.loc 1 18 0
  52              		.thumb
  53              		.syntax unified
  54 0008 FFF7FEFF 		bl	I2C_Peripheral_Start
  55              	.LVL0:
  19:main.c        ****     UART_1_Start();
  56              		.loc 1 19 0
  57 000c FFF7FEFF 		bl	UART_1_Start
  58              	.LVL1:
  20:main.c        ****     
  21:main.c        ****     CyDelay(5); //"The boot procedure is complete about 5 ms after device power-up."
  59              		.loc 1 21 0
  60 0010 0520     		movs	r0, #5
  61 0012 FFF7FEFF 		bl	CyDelay
  62              	.LVL2:
  22:main.c        ****     
  23:main.c        **** 
  24:main.c        ****     char message[32];
  25:main.c        ****     uint8_t control_reg;
  26:main.c        ****     
  27:main.c        **** 
  28:main.c        ****     
  29:main.c        ****     //selecting FIFO mode   
  30:main.c        ****     control_reg = 0x40;
  31:main.c        ****     ErrorCode error = I2C_Peripheral_WriteRegister(LIS3DH_DEVICE_ADDRESS,
  63              		.loc 1 31 0
  64 0016 4022     		movs	r2, #64
  65 0018 2E21     		movs	r1, #46
  66 001a 1820     		movs	r0, #24
  67 001c FFF7FEFF 		bl	I2C_Peripheral_WriteRegister
  68              	.LVL3:
  32:main.c        ****                                              LIS3DH_FIFO_CTRL_REG,
  33:main.c        ****                                              control_reg);
  34:main.c        ****       //enable FIFO buffer FIFO_EN=1
  35:main.c        ****     control_reg = 0x40;
  36:main.c        ****     error = I2C_Peripheral_WriteRegister(LIS3DH_DEVICE_ADDRESS,
  69              		.loc 1 36 0
  70 0020 4022     		movs	r2, #64
  71 0022 2421     		movs	r1, #36
  72 0024 1820     		movs	r0, #24
  73 0026 FFF7FEFF 		bl	I2C_Peripheral_WriteRegister
  74              	.LVL4:
  37:main.c        ****                                              LIS3DH_CTRL_REG5,
  38:main.c        ****                                              control_reg);
  39:main.c        ****     if (error == NO_ERROR)
  75              		.loc 1 39 0
ARM GAS  C:\Users\Martina\AppData\Local\Temp\ccmseuvz.s 			page 3


  76 002a 48B9     		cbnz	r0, .L2
  40:main.c        ****     {
  41:main.c        ****         sprintf(message, "FIFO_MODE enabled\r\n");
  77              		.loc 1 41 0
  78 002c 68AC     		add	r4, sp, #416
  79 002e 824D     		ldr	r5, .L16
  80 0030 0FCD     		ldmia	r5!, {r0, r1, r2, r3}
  81              	.LVL5:
  82 0032 0FC4     		stmia	r4!, {r0, r1, r2, r3}
  83 0034 2B68     		ldr	r3, [r5]
  84 0036 2360     		str	r3, [r4]
  42:main.c        ****         UART_1_PutString(message);
  85              		.loc 1 42 0
  86 0038 68A8     		add	r0, sp, #416
  87 003a FFF7FEFF 		bl	UART_1_PutString
  88              	.LVL6:
  89 003e 02E0     		b	.L3
  90              	.LVL7:
  91              	.L2:
  43:main.c        ****     }
  44:main.c        ****     else
  45:main.c        ****     {
  46:main.c        ****         UART_1_PutString("\r\nError occured during I2C comm to set control register 1\r\n");
  92              		.loc 1 46 0
  93 0040 7E48     		ldr	r0, .L16+4
  94              	.LVL8:
  95 0042 FFF7FEFF 		bl	UART_1_PutString
  96              	.LVL9:
  97              	.L3:
  47:main.c        ****     }
  48:main.c        ****     //check if CTRL_REG5 is written correctly
  49:main.c        ****     uint8_t check;
  50:main.c        ****     error = I2C_Peripheral_ReadRegister(LIS3DH_DEVICE_ADDRESS, 
  98              		.loc 1 50 0
  99 0046 0DF29F12 		addw	r2, sp, #415
 100 004a 2421     		movs	r1, #36
 101 004c 1820     		movs	r0, #24
 102 004e FFF7FEFF 		bl	I2C_Peripheral_ReadRegister
 103              	.LVL10:
  51:main.c        ****                                         LIS3DH_CTRL_REG5,
  52:main.c        ****                                         &check);
  53:main.c        ****     if( error == NO_ERROR ) {
 104              		.loc 1 53 0
 105 0052 50B9     		cbnz	r0, .L4
  54:main.c        ****         sprintf(message, "CTRL_REG5 register value: 0x%02X [Expected value: 0x%02X]\r\n", check, co
 106              		.loc 1 54 0
 107 0054 4023     		movs	r3, #64
 108 0056 9DF89F21 		ldrb	r2, [sp, #415]	@ zero_extendqisi2
 109 005a 7949     		ldr	r1, .L16+8
 110 005c 68A8     		add	r0, sp, #416
 111              	.LVL11:
 112 005e FFF7FEFF 		bl	sprintf
 113              	.LVL12:
  55:main.c        ****         UART_1_PutString(message);
 114              		.loc 1 55 0
 115 0062 68A8     		add	r0, sp, #416
 116 0064 FFF7FEFF 		bl	UART_1_PutString
ARM GAS  C:\Users\Martina\AppData\Local\Temp\ccmseuvz.s 			page 4


 117              	.LVL13:
 118 0068 02E0     		b	.L5
 119              	.LVL14:
 120              	.L4:
  56:main.c        ****     }
  57:main.c        ****     else {
  58:main.c        ****         UART_1_PutString("I2C error while reading LIS3DH_WHO_AM_I_REG_ADDR\r\n");
 121              		.loc 1 58 0
 122 006a 7648     		ldr	r0, .L16+12
 123              	.LVL15:
 124 006c FFF7FEFF 		bl	UART_1_PutString
 125              	.LVL16:
 126              	.L5:
  59:main.c        ****     }
  60:main.c        ****         
  61:main.c        **** 
  62:main.c        ****     //select CTRL_REG1 activate High Power Mode 10 Hz and enable axis
  63:main.c        ****     control_reg= 0x27;
  64:main.c        ****     error = I2C_Peripheral_WriteRegister(LIS3DH_DEVICE_ADDRESS,
 127              		.loc 1 64 0
 128 0070 2722     		movs	r2, #39
 129 0072 2021     		movs	r1, #32
 130 0074 1820     		movs	r0, #24
 131 0076 FFF7FEFF 		bl	I2C_Peripheral_WriteRegister
 132              	.LVL17:
  65:main.c        ****                                         LIS3DH_CTRL_REG1,
  66:main.c        ****                                         control_reg);
  67:main.c        ****     //reading CTRL_REG1
  68:main.c        ****     uint8_t reg1;
  69:main.c        ****     error = I2C_Peripheral_ReadRegister(LIS3DH_DEVICE_ADDRESS,
 133              		.loc 1 69 0
 134 007a 0DF5CF72 		add	r2, sp, #414
 135 007e 2021     		movs	r1, #32
 136 0080 1820     		movs	r0, #24
 137 0082 FFF7FEFF 		bl	I2C_Peripheral_ReadRegister
 138              	.LVL18:
  70:main.c        ****                                         LIS3DH_CTRL_REG1,
  71:main.c        ****                                         &reg1);
  72:main.c        ****     if( error == NO_ERROR ) {
 139              		.loc 1 72 0
 140 0086 40B9     		cbnz	r0, .L6
  73:main.c        ****         sprintf(message, "Valore CTRL_REG1 0x%02X\r\n", reg1);
 141              		.loc 1 73 0
 142 0088 9DF89E21 		ldrb	r2, [sp, #414]	@ zero_extendqisi2
 143 008c 6E49     		ldr	r1, .L16+16
 144 008e 68A8     		add	r0, sp, #416
 145              	.LVL19:
 146 0090 FFF7FEFF 		bl	sprintf
 147              	.LVL20:
  74:main.c        ****         UART_1_PutString(message);
 148              		.loc 1 74 0
 149 0094 68A8     		add	r0, sp, #416
 150 0096 FFF7FEFF 		bl	UART_1_PutString
 151              	.LVL21:
 152              	.L6:
  75:main.c        ****         }
  76:main.c        ****  
ARM GAS  C:\Users\Martina\AppData\Local\Temp\ccmseuvz.s 			page 5


  77:main.c        ****  
  78:main.c        ****     //set full scale +/-2g (no change from default)    
  79:main.c        ****     control_reg = 0x00;
  80:main.c        ****     error = I2C_Peripheral_WriteRegister(LIS3DH_DEVICE_ADDRESS,
 153              		.loc 1 80 0
 154 009a 0022     		movs	r2, #0
 155 009c 2321     		movs	r1, #35
 156 009e 1820     		movs	r0, #24
 157 00a0 FFF7FEFF 		bl	I2C_Peripheral_WriteRegister
 158              	.LVL22:
  81:main.c        ****                                          LIS3DH_CTRL_REG4,
  82:main.c        ****                                          control_reg);
  83:main.c        ****        
  84:main.c        ****     //enable interrupt on pin INT1 --> CTRL_REG3, I1_OVERRUN=1
  85:main.c        **** //    control_reg = 0x02;
  86:main.c        **** //    error = I2C_Peripheral_WriteRegister(LIS3DH_DEVICE_ADDRESS,
  87:main.c        **** //                                         LIS3DH_CTRL_REG3,
  88:main.c        **** //                                         control_reg);
  89:main.c        **** //     
  90:main.c        ****         
  91:main.c        ****         
  92:main.c        **** //    /*READ DATI*/
  93:main.c        ****     
  94:main.c        ****     uint8_t x_data[2];
  95:main.c        ****     int out_x;
  96:main.c        ****     float data_x;
  97:main.c        ****     
  98:main.c        ****     uint8_t y_data[2];
  99:main.c        ****     int out_y;
 100:main.c        ****     float data_y;
 101:main.c        **** 
 102:main.c        ****     uint8_t z_data[2];
 103:main.c        ****     int out_z;
 104:main.c        ****     float data_z;
 105:main.c        **** 
 106:main.c        ****     uint8_t address;
 107:main.c        ****     float lis_data[96];
 108:main.c        ****     uint8_t overrun=0;
 159              		.loc 1 108 0
 160 00a4 0024     		movs	r4, #0
 161 00a6 8DF81340 		strb	r4, [sp, #19]
 162              	.LVL23:
 109:main.c        ****     uint8_t accelerazioni=0;
 110:main.c        ****     uint8_t acc[96];
 111:main.c        ****     uint8_t remain=0;
 163              		.loc 1 111 0
 164 00aa 8DF81240 		strb	r4, [sp, #18]
 165              	.LVL24:
 166              	.L14:
 112:main.c        **** //    error = I2C_Peripheral_ReadRegister(LIS3DH_DEVICE_ADDRESS,
 113:main.c        **** //                                        LIS3DH_CTRL_REG4,
 114:main.c        **** //                                        &address);
 115:main.c        **** //    if (error == NO_ERROR)
 116:main.c        **** //        {
 117:main.c        **** //            sprintf(message, "\r\nIl registro 0x%02X\r\n", address);
 118:main.c        **** //            UART_1_PutString(message);
 119:main.c        **** //        }
ARM GAS  C:\Users\Martina\AppData\Local\Temp\ccmseuvz.s 			page 6


 120:main.c        ****     
 121:main.c        ****     uint8_t flag_dati =0;
 122:main.c        ****     /*FINE READ DATI*/
 123:main.c        **** //        
 124:main.c        ****    for(;;)
 125:main.c        ****     {
 126:main.c        **** //        /* Place your application code here. */
 127:main.c        ****     
 128:main.c        **** //    //reset fifo: enable bypass mode
 129:main.c        **** //    control_reg = 0x00;
 130:main.c        **** //    error = I2C_Peripheral_WriteRegister(LIS3DH_DEVICE_ADDRESS,
 131:main.c        **** //                                             LIS3DH_FIFO_CTRL_REG,
 132:main.c        **** //                                             control_reg);
 133:main.c        **** //        //check FIFO status: 0x20 if empty
 134:main.c        **** //    error = I2C_Peripheral_ReadRegister(LIS3DH_DEVICE_ADDRESS,
 135:main.c        **** //                                        FIFO_SRC_REG,
 136:main.c        **** //                                        &address);
 137:main.c        ****         //controllo overrun 
 138:main.c        ****         error = I2C_Peripheral_ReadRegister(LIS3DH_DEVICE_ADDRESS,
 167              		.loc 1 138 0
 168 00ae 0DF11302 		add	r2, sp, #19
 169 00b2 2F21     		movs	r1, #47
 170 00b4 1820     		movs	r0, #24
 171 00b6 FFF7FEFF 		bl	I2C_Peripheral_ReadRegister
 172              	.LVL25:
 139:main.c        ****                                         LIS3DH_FIFO_SRC_REG,
 140:main.c        ****                                         &overrun);
 141:main.c        ****        
 142:main.c        ****         //sprintf(message, "\r\nOverrun:  %d\r\n", overrun&0x40);
 143:main.c        ****         //UART_1_PutString(message);
 144:main.c        ****         
 145:main.c        ****         /*LETTURA DATI AD OGNI OVERRUN*/
 146:main.c        ****         if((overrun&0x40)==0x40)
 173              		.loc 1 146 0
 174 00ba 9DF81330 		ldrb	r3, [sp, #19]	@ zero_extendqisi2
 175 00be 13F0400F 		tst	r3, #64
 176 00c2 7FD0     		beq	.L7
 147:main.c        ****         {
 148:main.c        ****                 sprintf(message, "FIFO overrun");
 177              		.loc 1 148 0
 178 00c4 614B     		ldr	r3, .L16+20
 179 00c6 68AC     		add	r4, sp, #416
 180              	.LVL26:
 181 00c8 0FCB     		ldmia	r3, {r0, r1, r2, r3}
 182 00ca 07C4     		stmia	r4!, {r0, r1, r2}
 183 00cc 2370     		strb	r3, [r4]
 149:main.c        ****                 UART_1_PutString(message);
 184              		.loc 1 149 0
 185 00ce 68A8     		add	r0, sp, #416
 186 00d0 FFF7FEFF 		bl	UART_1_PutString
 187              	.LVL27:
 188              	.LBB2:
 150:main.c        ****             //reset fifo: enable bypass mode
 151:main.c        **** //                    control_reg = LIS3DH_FIFO_CTRL_REG&0x3F;
 152:main.c        **** //                    error = I2C_Peripheral_WriteRegister(LIS3DH_DEVICE_ADDRESS,
 153:main.c        **** //                                                             LIS3DH_FIFO_CTRL_REG,
 154:main.c        **** //                                                             control_reg);
ARM GAS  C:\Users\Martina\AppData\Local\Temp\ccmseuvz.s 			page 7


 155:main.c        **** 
 156:main.c        ****  // il problema è che non scorre la FIFO ma stampa lo stesso valore 96 volte
 157:main.c        ****                  for(int i=0; i<96; i+=3){
 189              		.loc 1 157 0
 190 00d4 0024     		movs	r4, #0
 191 00d6 68E0     		b	.L8
 192              	.LVL28:
 193              	.L10:
 158:main.c        ****                     //x 
 159:main.c        ****                     error = I2C_Peripheral_ReadRegister(LIS3DH_DEVICE_ADDRESS,
 194              		.loc 1 159 0
 195 00d8 67AA     		add	r2, sp, #412
 196 00da 2821     		movs	r1, #40
 197 00dc 1820     		movs	r0, #24
 198 00de FFF7FEFF 		bl	I2C_Peripheral_ReadRegister
 199              	.LVL29:
 160:main.c        ****                                                         LIS3DH_OUT_X_L,
 161:main.c        ****                                                         &x_data[0]);
 162:main.c        ****                     error = I2C_Peripheral_ReadRegister(LIS3DH_DEVICE_ADDRESS,
 200              		.loc 1 162 0
 201 00e2 0DF29D12 		addw	r2, sp, #413
 202 00e6 2921     		movs	r1, #41
 203 00e8 1820     		movs	r0, #24
 204 00ea FFF7FEFF 		bl	I2C_Peripheral_ReadRegister
 205              	.LVL30:
 163:main.c        ****                                                         LIS3DH_OUT_X_H,
 164:main.c        ****                                                         &x_data[1]);
 165:main.c        ****                     out_x=(x_data[0]|(x_data[1]<<8));
 206              		.loc 1 165 0
 207 00ee 9DF89C31 		ldrb	r3, [sp, #412]	@ zero_extendqisi2
 208 00f2 9DF89D01 		ldrb	r0, [sp, #413]	@ zero_extendqisi2
 209              	.LVL31:
 166:main.c        ****                     lis_data[i]=out_x/64.0;
 210              		.loc 1 166 0
 211 00f6 43EA0020 		orr	r0, r3, r0, lsl #8
 212              	.LVL32:
 213 00fa FFF7FEFF 		bl	__aeabi_i2d
 214              	.LVL33:
 215 00fe 0022     		movs	r2, #0
 216 0100 534B     		ldr	r3, .L16+24
 217 0102 FFF7FEFF 		bl	__aeabi_dmul
 218              	.LVL34:
 219 0106 05AD     		add	r5, sp, #20
 220 0108 FFF7FEFF 		bl	__aeabi_d2f
 221              	.LVL35:
 222 010c 45F82400 		str	r0, [r5, r4, lsl #2]	@ float
 167:main.c        ****                     //y
 168:main.c        ****                     error = I2C_Peripheral_ReadRegister(LIS3DH_DEVICE_ADDRESS,
 223              		.loc 1 168 0
 224 0110 66AA     		add	r2, sp, #408
 225 0112 2A21     		movs	r1, #42
 226 0114 1820     		movs	r0, #24
 227 0116 FFF7FEFF 		bl	I2C_Peripheral_ReadRegister
 228              	.LVL36:
 169:main.c        ****                                                         LIS3DH_OUT_Y_L,
 170:main.c        ****                                                         &y_data[0]);
 171:main.c        ****                     error = I2C_Peripheral_ReadRegister(LIS3DH_DEVICE_ADDRESS,
ARM GAS  C:\Users\Martina\AppData\Local\Temp\ccmseuvz.s 			page 8


 229              		.loc 1 171 0
 230 011a 0DF29912 		addw	r2, sp, #409
 231 011e 2B21     		movs	r1, #43
 232 0120 1820     		movs	r0, #24
 233 0122 FFF7FEFF 		bl	I2C_Peripheral_ReadRegister
 234              	.LVL37:
 172:main.c        ****                                                         LIS3DH_OUT_Y_H,
 173:main.c        ****                                                         &y_data[1]);
 174:main.c        ****                     out_y=(y_data[0]|(y_data[1]<<8));
 235              		.loc 1 174 0
 236 0126 9DF89831 		ldrb	r3, [sp, #408]	@ zero_extendqisi2
 237 012a 9DF89901 		ldrb	r0, [sp, #409]	@ zero_extendqisi2
 238              	.LVL38:
 175:main.c        ****                     lis_data[i+1]=out_y/64.0;
 239              		.loc 1 175 0
 240 012e 661C     		adds	r6, r4, #1
 241 0130 43EA0020 		orr	r0, r3, r0, lsl #8
 242              	.LVL39:
 243 0134 FFF7FEFF 		bl	__aeabi_i2d
 244              	.LVL40:
 245 0138 0022     		movs	r2, #0
 246 013a 454B     		ldr	r3, .L16+24
 247 013c FFF7FEFF 		bl	__aeabi_dmul
 248              	.LVL41:
 249 0140 FFF7FEFF 		bl	__aeabi_d2f
 250              	.LVL42:
 251 0144 45F82600 		str	r0, [r5, r6, lsl #2]	@ float
 176:main.c        **** 
 177:main.c        ****                     //z
 178:main.c        ****                     error = I2C_Peripheral_ReadRegister(LIS3DH_DEVICE_ADDRESS,
 252              		.loc 1 178 0
 253 0148 65AA     		add	r2, sp, #404
 254 014a 2C21     		movs	r1, #44
 255 014c 1820     		movs	r0, #24
 256 014e FFF7FEFF 		bl	I2C_Peripheral_ReadRegister
 257              	.LVL43:
 179:main.c        ****                                                         LIS3DH_OUT_Z_L,
 180:main.c        ****                                                         &z_data[0]);
 181:main.c        ****                     error = I2C_Peripheral_ReadRegister(LIS3DH_DEVICE_ADDRESS,
 258              		.loc 1 181 0
 259 0152 0DF29512 		addw	r2, sp, #405
 260 0156 2E21     		movs	r1, #46
 261 0158 1820     		movs	r0, #24
 262 015a FFF7FEFF 		bl	I2C_Peripheral_ReadRegister
 263              	.LVL44:
 182:main.c        ****                                                         LIS3DH_OUT_Z_H,
 183:main.c        ****                                                         &z_data[1]);
 184:main.c        ****                     out_z=(z_data[0]|(z_data[1]<<8));
 264              		.loc 1 184 0
 265 015e 9DF89431 		ldrb	r3, [sp, #404]	@ zero_extendqisi2
 266 0162 9DF89501 		ldrb	r0, [sp, #405]	@ zero_extendqisi2
 267              	.LVL45:
 185:main.c        ****                     lis_data[i+2]=out_z/64.0;
 268              		.loc 1 185 0
 269 0166 A61C     		adds	r6, r4, #2
 270 0168 43EA0020 		orr	r0, r3, r0, lsl #8
 271              	.LVL46:
ARM GAS  C:\Users\Martina\AppData\Local\Temp\ccmseuvz.s 			page 9


 272 016c FFF7FEFF 		bl	__aeabi_i2d
 273              	.LVL47:
 274 0170 0022     		movs	r2, #0
 275 0172 374B     		ldr	r3, .L16+24
 276 0174 FFF7FEFF 		bl	__aeabi_dmul
 277              	.LVL48:
 278 0178 FFF7FEFF 		bl	__aeabi_d2f
 279              	.LVL49:
 280 017c 45F82600 		str	r0, [r5, r6, lsl #2]	@ float
 186:main.c        ****                     
 187:main.c        **** 
 188:main.c        ****                 
 189:main.c        ****                     error = I2C_Peripheral_ReadRegister(LIS3DH_DEVICE_ADDRESS,
 281              		.loc 1 189 0
 282 0180 0DF11202 		add	r2, sp, #18
 283 0184 2F21     		movs	r1, #47
 284 0186 1820     		movs	r0, #24
 285 0188 FFF7FEFF 		bl	I2C_Peripheral_ReadRegister
 286              	.LVL50:
 190:main.c        ****                                         LIS3DH_FIFO_SRC_REG,
 191:main.c        ****                                         &remain);
 192:main.c        ****                     remain=remain&0x1F;
 287              		.loc 1 192 0
 288 018c 9DF81220 		ldrb	r2, [sp, #18]	@ zero_extendqisi2
 289 0190 02F01F02 		and	r2, r2, #31
 290 0194 8DF81220 		strb	r2, [sp, #18]
 193:main.c        ****                     
 194:main.c        ****                         if( error == NO_ERROR ) {
 291              		.loc 1 194 0
 292 0198 30B9     		cbnz	r0, .L9
 195:main.c        ****                             sprintf(message, "Valore mancanti nella FIFO %d\r\n", remain);
 293              		.loc 1 195 0
 294 019a 2E49     		ldr	r1, .L16+28
 295 019c 68A8     		add	r0, sp, #416
 296              	.LVL51:
 297 019e FFF7FEFF 		bl	sprintf
 298              	.LVL52:
 196:main.c        ****                             UART_1_PutString(message);
 299              		.loc 1 196 0
 300 01a2 68A8     		add	r0, sp, #416
 301 01a4 FFF7FEFF 		bl	UART_1_PutString
 302              	.LVL53:
 303              	.L9:
 157:main.c        ****                     //x 
 304              		.loc 1 157 0 discriminator 2
 305 01a8 0334     		adds	r4, r4, #3
 306              	.LVL54:
 307              	.L8:
 157:main.c        ****                     //x 
 308              		.loc 1 157 0 is_stmt 0 discriminator 1
 309 01aa 5F2C     		cmp	r4, #95
 310 01ac 94DD     		ble	.L10
 311              	.LVL55:
 312              	.LBE2:
 197:main.c        ****                             }
 198:main.c        ****                     }//fine for
 199:main.c        ****                     flag_dati=1;
ARM GAS  C:\Users\Martina\AppData\Local\Temp\ccmseuvz.s 			page 10


 200:main.c        ****                 
 201:main.c        ****                   //reset fifo: enable bypass mode
 202:main.c        ****                         control_reg =0x00;
 203:main.c        ****                         error = I2C_Peripheral_WriteRegister(LIS3DH_DEVICE_ADDRESS,
 313              		.loc 1 203 0 is_stmt 1
 314 01ae 0022     		movs	r2, #0
 315 01b0 2E21     		movs	r1, #46
 316 01b2 1820     		movs	r0, #24
 317 01b4 FFF7FEFF 		bl	I2C_Peripheral_WriteRegister
 318              	.LVL56:
 204:main.c        ****                                                                  LIS3DH_FIFO_CTRL_REG,
 205:main.c        ****                                                                  control_reg);
 206:main.c        ****                    //enable fifo mode  
 207:main.c        ****                         control_reg =0x40;
 208:main.c        ****                         error = I2C_Peripheral_WriteRegister(LIS3DH_DEVICE_ADDRESS,
 319              		.loc 1 208 0
 320 01b8 4022     		movs	r2, #64
 321 01ba 2E21     		movs	r1, #46
 322 01bc 1820     		movs	r0, #24
 323 01be FFF7FEFF 		bl	I2C_Peripheral_WriteRegister
 324              	.LVL57:
 199:main.c        ****                 
 325              		.loc 1 199 0
 326 01c2 0124     		movs	r4, #1
 327              	.LVL58:
 328              	.L7:
 209:main.c        ****                                                          LIS3DH_FIFO_CTRL_REG,
 210:main.c        ****                                                          control_reg);       
 211:main.c        ****                             
 212:main.c        **** 
 213:main.c        ****                 
 214:main.c        ****             
 215:main.c        ****         }
 216:main.c        ****         /*fine overrun*/
 217:main.c        ****         
 218:main.c        ****         //stampa lis data
 219:main.c        ****         if(flag_dati==1)
 329              		.loc 1 219 0
 330 01c4 002C     		cmp	r4, #0
 331 01c6 33D0     		beq	.L11
 332              	.LVL59:
 220:main.c        ****             {
 221:main.c        ****  
 222:main.c        ****                 flag_dati=0;
 223:main.c        ****                 sprintf(message, "\r\nVALORI ACCELERAZIONE\r\n");
 333              		.loc 1 223 0
 334 01c8 68AC     		add	r4, sp, #416
 335 01ca 234D     		ldr	r5, .L16+32
 336 01cc 0FCD     		ldmia	r5!, {r0, r1, r2, r3}
 337 01ce 0FC4     		stmia	r4!, {r0, r1, r2, r3}
 338 01d0 95E80700 		ldmia	r5, {r0, r1, r2}
 339 01d4 03C4     		stmia	r4!, {r0, r1}
 340 01d6 2270     		strb	r2, [r4]
 224:main.c        ****                 UART_1_PutString(message);
 341              		.loc 1 224 0
 342 01d8 68A8     		add	r0, sp, #416
 343 01da FFF7FEFF 		bl	UART_1_PutString
ARM GAS  C:\Users\Martina\AppData\Local\Temp\ccmseuvz.s 			page 11


 344              	.LVL60:
 345              	.LBB3:
 225:main.c        **** 
 226:main.c        ****             for(int i=0; i<96; i+=3)
 346              		.loc 1 226 0
 347 01de 0024     		movs	r4, #0
 348 01e0 23E0     		b	.L12
 349              	.LVL61:
 350              	.L13:
 227:main.c        ****                 {
 228:main.c        ****                 sprintf(message, "\r\nx: %.3f, y: %.3f, z: %.3f\r\n", lis_data[i],
 351              		.loc 1 228 0 discriminator 3
 352 01e2 05AB     		add	r3, sp, #20
 229:main.c        ****                  lis_data[i+1],
 353              		.loc 1 229 0 discriminator 3
 354 01e4 621C     		adds	r2, r4, #1
 355 01e6 53F82250 		ldr	r5, [r3, r2, lsl #2]	@ float
 230:main.c        ****                  lis_data[i+2]);
 356              		.loc 1 230 0 discriminator 3
 357 01ea A21C     		adds	r2, r4, #2
 358 01ec 53F82280 		ldr	r8, [r3, r2, lsl #2]	@ float
 228:main.c        ****                  lis_data[i+1],
 359              		.loc 1 228 0 discriminator 3
 360 01f0 53F82400 		ldr	r0, [r3, r4, lsl #2]	@ float
 361 01f4 FFF7FEFF 		bl	__aeabi_f2d
 362              	.LVL62:
 363 01f8 0646     		mov	r6, r0
 364 01fa 0F46     		mov	r7, r1
 365 01fc 4046     		mov	r0, r8
 366 01fe FFF7FEFF 		bl	__aeabi_f2d
 367              	.LVL63:
 368 0202 CDE90201 		strd	r0, [sp, #8]
 369 0206 2846     		mov	r0, r5
 370 0208 FFF7FEFF 		bl	__aeabi_f2d
 371              	.LVL64:
 372 020c CDE90001 		strd	r0, [sp]
 373 0210 3246     		mov	r2, r6
 374 0212 3B46     		mov	r3, r7
 375 0214 1149     		ldr	r1, .L16+36
 376 0216 68A8     		add	r0, sp, #416
 377 0218 FFF7FEFF 		bl	sprintf
 378              	.LVL65:
 231:main.c        ****                 UART_1_PutString(message);
 379              		.loc 1 231 0 discriminator 3
 380 021c 68A8     		add	r0, sp, #416
 381 021e FFF7FEFF 		bl	UART_1_PutString
 382              	.LVL66:
 232:main.c        ****                 CyDelay(200);
 383              		.loc 1 232 0 discriminator 3
 384 0222 C820     		movs	r0, #200
 385 0224 FFF7FEFF 		bl	CyDelay
 386              	.LVL67:
 226:main.c        ****                 {
 387              		.loc 1 226 0 discriminator 3
 388 0228 0334     		adds	r4, r4, #3
 389              	.LVL68:
 390              	.L12:
ARM GAS  C:\Users\Martina\AppData\Local\Temp\ccmseuvz.s 			page 12


 226:main.c        ****                 {
 391              		.loc 1 226 0 is_stmt 0 discriminator 1
 392 022a 5F2C     		cmp	r4, #95
 393 022c D9DD     		ble	.L13
 394              	.LBE3:
 222:main.c        ****                 sprintf(message, "\r\nVALORI ACCELERAZIONE\r\n");
 395              		.loc 1 222 0 is_stmt 1
 396 022e 0024     		movs	r4, #0
 397              	.LVL69:
 398              	.L11:
 233:main.c        **** 
 234:main.c        ****                  }
 235:main.c        ****             
 236:main.c        ****             
 237:main.c        ****             
 238:main.c        ****             }
 239:main.c        ****             
 240:main.c        **** //    
 241:main.c        **** //    error = I2C_Peripheral_ReadRegister(LIS3DH_DEVICE_ADDRESS,
 242:main.c        **** //                                        LIS3DH_STATUS_REG,
 243:main.c        **** //                                        &address);
 244:main.c        **** //    if (error == NO_ERROR)
 245:main.c        **** //        {
 246:main.c        **** //            sprintf(message, "\r\nStatus register 0x%02X\r\n", address);
 247:main.c        **** //            UART_1_PutString(message);
 248:main.c        **** //        }
 249:main.c        ****         
 250:main.c        **** 
 251:main.c        ****        CyDelay(100);
 399              		.loc 1 251 0
 400 0230 6420     		movs	r0, #100
 401 0232 FFF7FEFF 		bl	CyDelay
 402              	.LVL70:
 252:main.c        ****         }
 403              		.loc 1 252 0
 404 0236 3AE7     		b	.L14
 405              	.L17:
 406              		.align	2
 407              	.L16:
 408 0238 00000000 		.word	.LC0
 409 023c 14000000 		.word	.LC1
 410 0240 50000000 		.word	.LC2
 411 0244 8C000000 		.word	.LC3
 412 0248 C0000000 		.word	.LC4
 413 024c DC000000 		.word	.LC5
 414 0250 0000903F 		.word	1066401792
 415 0254 EC000000 		.word	.LC6
 416 0258 0C010000 		.word	.LC7
 417 025c 28010000 		.word	.LC8
 418              		.cfi_endproc
 419              	.LFE64:
 420              		.size	main, .-main
 421              		.section	.rodata.str1.4,"aMS",%progbits,1
 422              		.align	2
 423              	.LC0:
 424 0000 4649464F 		.ascii	"FIFO_MODE enabled\015\012\000"
 424      5F4D4F44 
ARM GAS  C:\Users\Martina\AppData\Local\Temp\ccmseuvz.s 			page 13


 424      4520656E 
 424      61626C65 
 424      640D0A00 
 425              	.LC1:
 426 0014 0D0A4572 		.ascii	"\015\012Error occured during I2C comm to set contro"
 426      726F7220 
 426      6F636375 
 426      72656420 
 426      64757269 
 427 0041 6C207265 		.ascii	"l register 1\015\012\000"
 427      67697374 
 427      65722031 
 427      0D0A00
 428              	.LC2:
 429 0050 4354524C 		.ascii	"CTRL_REG5 register value: 0x%02X [Expected value: 0"
 429      5F524547 
 429      35207265 
 429      67697374 
 429      65722076 
 430 0083 78253032 		.ascii	"x%02X]\015\012\000"
 430      585D0D0A 
 430      00
 431              	.LC3:
 432 008c 49324320 		.ascii	"I2C error while reading LIS3DH_WHO_AM_I_REG_ADDR\015"
 432      6572726F 
 432      72207768 
 432      696C6520 
 432      72656164 
 433 00bd 0A00     		.ascii	"\012\000"
 434 00bf 00       		.space	1
 435              	.LC4:
 436 00c0 56616C6F 		.ascii	"Valore CTRL_REG1 0x%02X\015\012\000"
 436      72652043 
 436      54524C5F 
 436      52454731 
 436      20307825 
 437 00da 0000     		.space	2
 438              	.LC5:
 439 00dc 4649464F 		.ascii	"FIFO overrun\000"
 439      206F7665 
 439      7272756E 
 439      00
 440 00e9 000000   		.space	3
 441              	.LC6:
 442 00ec 56616C6F 		.ascii	"Valore mancanti nella FIFO %d\015\012\000"
 442      7265206D 
 442      616E6361 
 442      6E746920 
 442      6E656C6C 
 443              	.LC7:
 444 010c 0D0A5641 		.ascii	"\015\012VALORI ACCELERAZIONE\015\012\000"
 444      4C4F5249 
 444      20414343 
 444      454C4552 
 444      415A494F 
 445 0125 000000   		.space	3
 446              	.LC8:
ARM GAS  C:\Users\Martina\AppData\Local\Temp\ccmseuvz.s 			page 14


 447 0128 0D0A783A 		.ascii	"\015\012x: %.3f, y: %.3f, z: %.3f\015\012\000"
 447      20252E33 
 447      662C2079 
 447      3A20252E 
 447      33662C20 
 448              		.text
 449              	.Letext0:
 450              		.file 2 "c:\\program files (x86)\\cypress\\psoc creator\\4.4\\psoc creator\\import\\gnu\\arm\\5.4.
 451              		.file 3 "c:\\program files (x86)\\cypress\\psoc creator\\4.4\\psoc creator\\import\\gnu\\arm\\5.4.
 452              		.file 4 "../src_shared/ErrorCodes.h"
 453              		.file 5 "../src_shared/I2C_Interface.h"
 454              		.file 6 "c:\\program files (x86)\\cypress\\psoc creator\\4.4\\psoc creator\\import\\gnu\\arm\\5.4.
 455              		.file 7 "Generated_Source\\PSoC5/UART_1.h"
 456              		.file 8 "Generated_Source\\PSoC5/CyLib.h"
 457              		.file 9 "Generated_Source\\PSoC5/core_cm3.h"
 458              		.section	.debug_info,"",%progbits
 459              	.Ldebug_info0:
 460 0000 4F060000 		.4byte	0x64f
 461 0004 0400     		.2byte	0x4
 462 0006 00000000 		.4byte	.Ldebug_abbrev0
 463 000a 04       		.byte	0x4
 464 000b 01       		.uleb128 0x1
 465 000c 7F000000 		.4byte	.LASF48
 466 0010 0C       		.byte	0xc
 467 0011 90020000 		.4byte	.LASF49
 468 0015 CB010000 		.4byte	.LASF50
 469 0019 00000000 		.4byte	.Ldebug_ranges0+0
 470 001d 00000000 		.4byte	0
 471 0021 00000000 		.4byte	.Ldebug_line0
 472 0025 02       		.uleb128 0x2
 473 0026 01       		.byte	0x1
 474 0027 06       		.byte	0x6
 475 0028 F2020000 		.4byte	.LASF0
 476 002c 03       		.uleb128 0x3
 477 002d 1F000000 		.4byte	.LASF4
 478 0031 02       		.byte	0x2
 479 0032 1D       		.byte	0x1d
 480 0033 37000000 		.4byte	0x37
 481 0037 02       		.uleb128 0x2
 482 0038 01       		.byte	0x1
 483 0039 08       		.byte	0x8
 484 003a 71000000 		.4byte	.LASF1
 485 003e 02       		.uleb128 0x2
 486 003f 02       		.byte	0x2
 487 0040 05       		.byte	0x5
 488 0041 CD020000 		.4byte	.LASF2
 489 0045 02       		.uleb128 0x2
 490 0046 02       		.byte	0x2
 491 0047 07       		.byte	0x7
 492 0048 26010000 		.4byte	.LASF3
 493 004c 03       		.uleb128 0x3
 494 004d 3B000000 		.4byte	.LASF5
 495 0051 02       		.byte	0x2
 496 0052 3F       		.byte	0x3f
 497 0053 57000000 		.4byte	0x57
 498 0057 02       		.uleb128 0x2
 499 0058 04       		.byte	0x4
ARM GAS  C:\Users\Martina\AppData\Local\Temp\ccmseuvz.s 			page 15


 500 0059 05       		.byte	0x5
 501 005a 45000000 		.4byte	.LASF6
 502 005e 02       		.uleb128 0x2
 503 005f 04       		.byte	0x4
 504 0060 07       		.byte	0x7
 505 0061 14010000 		.4byte	.LASF7
 506 0065 02       		.uleb128 0x2
 507 0066 08       		.byte	0x8
 508 0067 05       		.byte	0x5
 509 0068 79020000 		.4byte	.LASF8
 510 006c 02       		.uleb128 0x2
 511 006d 08       		.byte	0x8
 512 006e 07       		.byte	0x7
 513 006f A5010000 		.4byte	.LASF9
 514 0073 04       		.uleb128 0x4
 515 0074 04       		.byte	0x4
 516 0075 05       		.byte	0x5
 517 0076 696E7400 		.ascii	"int\000"
 518 007a 02       		.uleb128 0x2
 519 007b 04       		.byte	0x4
 520 007c 07       		.byte	0x7
 521 007d 90010000 		.4byte	.LASF10
 522 0081 02       		.uleb128 0x2
 523 0082 08       		.byte	0x8
 524 0083 04       		.byte	0x4
 525 0084 E6020000 		.4byte	.LASF11
 526 0088 02       		.uleb128 0x2
 527 0089 04       		.byte	0x4
 528 008a 07       		.byte	0x7
 529 008b 87020000 		.4byte	.LASF12
 530 008f 02       		.uleb128 0x2
 531 0090 01       		.byte	0x1
 532 0091 08       		.byte	0x8
 533 0092 97020000 		.4byte	.LASF13
 534 0096 03       		.uleb128 0x3
 535 0097 BC010000 		.4byte	.LASF14
 536 009b 03       		.byte	0x3
 537 009c 18       		.byte	0x18
 538 009d 2C000000 		.4byte	0x2c
 539 00a1 03       		.uleb128 0x3
 540 00a2 5B020000 		.4byte	.LASF15
 541 00a6 03       		.byte	0x3
 542 00a7 2C       		.byte	0x2c
 543 00a8 4C000000 		.4byte	0x4c
 544 00ac 02       		.uleb128 0x2
 545 00ad 04       		.byte	0x4
 546 00ae 04       		.byte	0x4
 547 00af 66000000 		.4byte	.LASF16
 548 00b3 02       		.uleb128 0x2
 549 00b4 08       		.byte	0x8
 550 00b5 04       		.byte	0x4
 551 00b6 63010000 		.4byte	.LASF17
 552 00ba 05       		.uleb128 0x5
 553 00bb 01       		.byte	0x1
 554 00bc 37000000 		.4byte	0x37
 555 00c0 04       		.byte	0x4
 556 00c1 15       		.byte	0x15
ARM GAS  C:\Users\Martina\AppData\Local\Temp\ccmseuvz.s 			page 16


 557 00c2 D3000000 		.4byte	0xd3
 558 00c6 06       		.uleb128 0x6
 559 00c7 D7020000 		.4byte	.LASF18
 560 00cb 00       		.byte	0
 561 00cc 06       		.uleb128 0x6
 562 00cd E0020000 		.4byte	.LASF19
 563 00d1 01       		.byte	0x1
 564 00d2 00       		.byte	0
 565 00d3 03       		.uleb128 0x3
 566 00d4 56000000 		.4byte	.LASF20
 567 00d8 04       		.byte	0x4
 568 00d9 18       		.byte	0x18
 569 00da BA000000 		.4byte	0xba
 570 00de 07       		.uleb128 0x7
 571 00df 8B010000 		.4byte	.LASF51
 572 00e3 01       		.byte	0x1
 573 00e4 0D       		.byte	0xd
 574 00e5 73000000 		.4byte	0x73
 575 00e9 00000000 		.4byte	.LFB64
 576 00ed 60020000 		.4byte	.LFE64-.LFB64
 577 00f1 01       		.uleb128 0x1
 578 00f2 9C       		.byte	0x9c
 579 00f3 B4050000 		.4byte	0x5b4
 580 00f7 08       		.uleb128 0x8
 581 00f8 00000000 		.4byte	.LASF21
 582 00fc 01       		.byte	0x1
 583 00fd 18       		.byte	0x18
 584 00fe B4050000 		.4byte	0x5b4
 585 0102 02       		.uleb128 0x2
 586 0103 91       		.byte	0x91
 587 0104 48       		.sleb128 -56
 588 0105 09       		.uleb128 0x9
 589 0106 71010000 		.4byte	.LASF22
 590 010a 01       		.byte	0x1
 591 010b 19       		.byte	0x19
 592 010c 96000000 		.4byte	0x96
 593 0110 00000000 		.4byte	.LLST0
 594 0114 09       		.uleb128 0x9
 595 0115 73020000 		.4byte	.LASF23
 596 0119 01       		.byte	0x1
 597 011a 1F       		.byte	0x1f
 598 011b D3000000 		.4byte	0xd3
 599 011f 47000000 		.4byte	.LLST1
 600 0123 08       		.uleb128 0x8
 601 0124 60000000 		.4byte	.LASF24
 602 0128 01       		.byte	0x1
 603 0129 31       		.byte	0x31
 604 012a 96000000 		.4byte	0x96
 605 012e 02       		.uleb128 0x2
 606 012f 91       		.byte	0x91
 607 0130 47       		.sleb128 -57
 608 0131 08       		.uleb128 0x8
 609 0132 6C000000 		.4byte	.LASF25
 610 0136 01       		.byte	0x1
 611 0137 44       		.byte	0x44
 612 0138 96000000 		.4byte	0x96
 613 013c 02       		.uleb128 0x2
ARM GAS  C:\Users\Martina\AppData\Local\Temp\ccmseuvz.s 			page 17


 614 013d 91       		.byte	0x91
 615 013e 46       		.sleb128 -58
 616 013f 08       		.uleb128 0x8
 617 0140 6A010000 		.4byte	.LASF26
 618 0144 01       		.byte	0x1
 619 0145 5E       		.byte	0x5e
 620 0146 C4050000 		.4byte	0x5c4
 621 014a 02       		.uleb128 0x2
 622 014b 91       		.byte	0x91
 623 014c 44       		.sleb128 -60
 624 014d 09       		.uleb128 0x9
 625 014e 29000000 		.4byte	.LASF27
 626 0152 01       		.byte	0x1
 627 0153 5F       		.byte	0x5f
 628 0154 73000000 		.4byte	0x73
 629 0158 91000000 		.4byte	.LLST2
 630 015c 0A       		.uleb128 0xa
 631 015d B8020000 		.4byte	.LASF30
 632 0161 01       		.byte	0x1
 633 0162 60       		.byte	0x60
 634 0163 AC000000 		.4byte	0xac
 635 0167 08       		.uleb128 0x8
 636 0168 0D010000 		.4byte	.LASF28
 637 016c 01       		.byte	0x1
 638 016d 62       		.byte	0x62
 639 016e C4050000 		.4byte	0x5c4
 640 0172 02       		.uleb128 0x2
 641 0173 91       		.byte	0x91
 642 0174 40       		.sleb128 -64
 643 0175 09       		.uleb128 0x9
 644 0176 2F000000 		.4byte	.LASF29
 645 017a 01       		.byte	0x1
 646 017b 63       		.byte	0x63
 647 017c 73000000 		.4byte	0x73
 648 0180 B6000000 		.4byte	.LLST3
 649 0184 0A       		.uleb128 0xa
 650 0185 BF020000 		.4byte	.LASF31
 651 0189 01       		.byte	0x1
 652 018a 64       		.byte	0x64
 653 018b AC000000 		.4byte	0xac
 654 018f 08       		.uleb128 0x8
 655 0190 63020000 		.4byte	.LASF32
 656 0194 01       		.byte	0x1
 657 0195 66       		.byte	0x66
 658 0196 C4050000 		.4byte	0x5c4
 659 019a 03       		.uleb128 0x3
 660 019b 91       		.byte	0x91
 661 019c BC7F     		.sleb128 -68
 662 019e 09       		.uleb128 0x9
 663 019f 35000000 		.4byte	.LASF33
 664 01a3 01       		.byte	0x1
 665 01a4 67       		.byte	0x67
 666 01a5 73000000 		.4byte	0x73
 667 01a9 DB000000 		.4byte	.LLST4
 668 01ad 0A       		.uleb128 0xa
 669 01ae C6020000 		.4byte	.LASF34
 670 01b2 01       		.byte	0x1
ARM GAS  C:\Users\Martina\AppData\Local\Temp\ccmseuvz.s 			page 18


 671 01b3 68       		.byte	0x68
 672 01b4 AC000000 		.4byte	0xac
 673 01b8 0A       		.uleb128 0xa
 674 01b9 9D010000 		.4byte	.LASF35
 675 01bd 01       		.byte	0x1
 676 01be 6A       		.byte	0x6a
 677 01bf 96000000 		.4byte	0x96
 678 01c3 08       		.uleb128 0x8
 679 01c4 6A020000 		.4byte	.LASF36
 680 01c8 01       		.byte	0x1
 681 01c9 6B       		.byte	0x6b
 682 01ca D4050000 		.4byte	0x5d4
 683 01ce 03       		.uleb128 0x3
 684 01cf 91       		.byte	0x91
 685 01d0 BC7C     		.sleb128 -452
 686 01d2 08       		.uleb128 0x8
 687 01d3 4E000000 		.4byte	.LASF37
 688 01d7 01       		.byte	0x1
 689 01d8 6C       		.byte	0x6c
 690 01d9 96000000 		.4byte	0x96
 691 01dd 03       		.uleb128 0x3
 692 01de 91       		.byte	0x91
 693 01df BB7C     		.sleb128 -453
 694 01e1 0B       		.uleb128 0xb
 695 01e2 7D010000 		.4byte	.LASF38
 696 01e6 01       		.byte	0x1
 697 01e7 6D       		.byte	0x6d
 698 01e8 96000000 		.4byte	0x96
 699 01ec 00       		.byte	0
 700 01ed 0C       		.uleb128 0xc
 701 01ee 61636300 		.ascii	"acc\000"
 702 01f2 01       		.byte	0x1
 703 01f3 6E       		.byte	0x6e
 704 01f4 E4050000 		.4byte	0x5e4
 705 01f8 08       		.uleb128 0x8
 706 01f9 C4010000 		.4byte	.LASF39
 707 01fd 01       		.byte	0x1
 708 01fe 6F       		.byte	0x6f
 709 01ff 96000000 		.4byte	0x96
 710 0203 03       		.uleb128 0x3
 711 0204 91       		.byte	0x91
 712 0205 BA7C     		.sleb128 -454
 713 0207 09       		.uleb128 0x9
 714 0208 08000000 		.4byte	.LASF40
 715 020c 01       		.byte	0x1
 716 020d 79       		.byte	0x79
 717 020e 96000000 		.4byte	0x96
 718 0212 00010000 		.4byte	.LLST5
 719 0216 0D       		.uleb128 0xd
 720 0217 D4000000 		.4byte	.LBB2
 721 021b DA000000 		.4byte	.LBE2-.LBB2
 722 021f 3A030000 		.4byte	0x33a
 723 0223 0E       		.uleb128 0xe
 724 0224 6900     		.ascii	"i\000"
 725 0226 01       		.byte	0x1
 726 0227 9D       		.byte	0x9d
 727 0228 73000000 		.4byte	0x73
ARM GAS  C:\Users\Martina\AppData\Local\Temp\ccmseuvz.s 			page 19


 728 022c 41010000 		.4byte	.LLST6
 729 0230 0F       		.uleb128 0xf
 730 0231 E2000000 		.4byte	.LVL29
 731 0235 05060000 		.4byte	0x605
 732 0239 4F020000 		.4byte	0x24f
 733 023d 10       		.uleb128 0x10
 734 023e 01       		.uleb128 0x1
 735 023f 50       		.byte	0x50
 736 0240 01       		.uleb128 0x1
 737 0241 48       		.byte	0x48
 738 0242 10       		.uleb128 0x10
 739 0243 01       		.uleb128 0x1
 740 0244 51       		.byte	0x51
 741 0245 02       		.uleb128 0x2
 742 0246 08       		.byte	0x8
 743 0247 28       		.byte	0x28
 744 0248 10       		.uleb128 0x10
 745 0249 01       		.uleb128 0x1
 746 024a 52       		.byte	0x52
 747 024b 02       		.uleb128 0x2
 748 024c 91       		.byte	0x91
 749 024d 44       		.sleb128 -60
 750 024e 00       		.byte	0
 751 024f 0F       		.uleb128 0xf
 752 0250 EE000000 		.4byte	.LVL30
 753 0254 05060000 		.4byte	0x605
 754 0258 6E020000 		.4byte	0x26e
 755 025c 10       		.uleb128 0x10
 756 025d 01       		.uleb128 0x1
 757 025e 50       		.byte	0x50
 758 025f 01       		.uleb128 0x1
 759 0260 48       		.byte	0x48
 760 0261 10       		.uleb128 0x10
 761 0262 01       		.uleb128 0x1
 762 0263 51       		.byte	0x51
 763 0264 02       		.uleb128 0x2
 764 0265 08       		.byte	0x8
 765 0266 29       		.byte	0x29
 766 0267 10       		.uleb128 0x10
 767 0268 01       		.uleb128 0x1
 768 0269 52       		.byte	0x52
 769 026a 02       		.uleb128 0x2
 770 026b 91       		.byte	0x91
 771 026c 45       		.sleb128 -59
 772 026d 00       		.byte	0
 773 026e 0F       		.uleb128 0xf
 774 026f 1A010000 		.4byte	.LVL36
 775 0273 05060000 		.4byte	0x605
 776 0277 8D020000 		.4byte	0x28d
 777 027b 10       		.uleb128 0x10
 778 027c 01       		.uleb128 0x1
 779 027d 50       		.byte	0x50
 780 027e 01       		.uleb128 0x1
 781 027f 48       		.byte	0x48
 782 0280 10       		.uleb128 0x10
 783 0281 01       		.uleb128 0x1
 784 0282 51       		.byte	0x51
ARM GAS  C:\Users\Martina\AppData\Local\Temp\ccmseuvz.s 			page 20


 785 0283 02       		.uleb128 0x2
 786 0284 08       		.byte	0x8
 787 0285 2A       		.byte	0x2a
 788 0286 10       		.uleb128 0x10
 789 0287 01       		.uleb128 0x1
 790 0288 52       		.byte	0x52
 791 0289 02       		.uleb128 0x2
 792 028a 91       		.byte	0x91
 793 028b 40       		.sleb128 -64
 794 028c 00       		.byte	0
 795 028d 0F       		.uleb128 0xf
 796 028e 26010000 		.4byte	.LVL37
 797 0292 05060000 		.4byte	0x605
 798 0296 AC020000 		.4byte	0x2ac
 799 029a 10       		.uleb128 0x10
 800 029b 01       		.uleb128 0x1
 801 029c 50       		.byte	0x50
 802 029d 01       		.uleb128 0x1
 803 029e 48       		.byte	0x48
 804 029f 10       		.uleb128 0x10
 805 02a0 01       		.uleb128 0x1
 806 02a1 51       		.byte	0x51
 807 02a2 02       		.uleb128 0x2
 808 02a3 08       		.byte	0x8
 809 02a4 2B       		.byte	0x2b
 810 02a5 10       		.uleb128 0x10
 811 02a6 01       		.uleb128 0x1
 812 02a7 52       		.byte	0x52
 813 02a8 02       		.uleb128 0x2
 814 02a9 91       		.byte	0x91
 815 02aa 41       		.sleb128 -63
 816 02ab 00       		.byte	0
 817 02ac 0F       		.uleb128 0xf
 818 02ad 52010000 		.4byte	.LVL43
 819 02b1 05060000 		.4byte	0x605
 820 02b5 CC020000 		.4byte	0x2cc
 821 02b9 10       		.uleb128 0x10
 822 02ba 01       		.uleb128 0x1
 823 02bb 50       		.byte	0x50
 824 02bc 01       		.uleb128 0x1
 825 02bd 48       		.byte	0x48
 826 02be 10       		.uleb128 0x10
 827 02bf 01       		.uleb128 0x1
 828 02c0 51       		.byte	0x51
 829 02c1 02       		.uleb128 0x2
 830 02c2 08       		.byte	0x8
 831 02c3 2C       		.byte	0x2c
 832 02c4 10       		.uleb128 0x10
 833 02c5 01       		.uleb128 0x1
 834 02c6 52       		.byte	0x52
 835 02c7 03       		.uleb128 0x3
 836 02c8 91       		.byte	0x91
 837 02c9 BC7F     		.sleb128 -68
 838 02cb 00       		.byte	0
 839 02cc 0F       		.uleb128 0xf
 840 02cd 5E010000 		.4byte	.LVL44
 841 02d1 05060000 		.4byte	0x605
ARM GAS  C:\Users\Martina\AppData\Local\Temp\ccmseuvz.s 			page 21


 842 02d5 EC020000 		.4byte	0x2ec
 843 02d9 10       		.uleb128 0x10
 844 02da 01       		.uleb128 0x1
 845 02db 50       		.byte	0x50
 846 02dc 01       		.uleb128 0x1
 847 02dd 48       		.byte	0x48
 848 02de 10       		.uleb128 0x10
 849 02df 01       		.uleb128 0x1
 850 02e0 51       		.byte	0x51
 851 02e1 02       		.uleb128 0x2
 852 02e2 08       		.byte	0x8
 853 02e3 2E       		.byte	0x2e
 854 02e4 10       		.uleb128 0x10
 855 02e5 01       		.uleb128 0x1
 856 02e6 52       		.byte	0x52
 857 02e7 03       		.uleb128 0x3
 858 02e8 91       		.byte	0x91
 859 02e9 BD7F     		.sleb128 -67
 860 02eb 00       		.byte	0
 861 02ec 0F       		.uleb128 0xf
 862 02ed 8C010000 		.4byte	.LVL50
 863 02f1 05060000 		.4byte	0x605
 864 02f5 0C030000 		.4byte	0x30c
 865 02f9 10       		.uleb128 0x10
 866 02fa 01       		.uleb128 0x1
 867 02fb 50       		.byte	0x50
 868 02fc 01       		.uleb128 0x1
 869 02fd 48       		.byte	0x48
 870 02fe 10       		.uleb128 0x10
 871 02ff 01       		.uleb128 0x1
 872 0300 51       		.byte	0x51
 873 0301 02       		.uleb128 0x2
 874 0302 08       		.byte	0x8
 875 0303 2F       		.byte	0x2f
 876 0304 10       		.uleb128 0x10
 877 0305 01       		.uleb128 0x1
 878 0306 52       		.byte	0x52
 879 0307 03       		.uleb128 0x3
 880 0308 91       		.byte	0x91
 881 0309 BA7C     		.sleb128 -454
 882 030b 00       		.byte	0
 883 030c 0F       		.uleb128 0xf
 884 030d A2010000 		.4byte	.LVL52
 885 0311 10060000 		.4byte	0x610
 886 0315 29030000 		.4byte	0x329
 887 0319 10       		.uleb128 0x10
 888 031a 01       		.uleb128 0x1
 889 031b 50       		.byte	0x50
 890 031c 02       		.uleb128 0x2
 891 031d 91       		.byte	0x91
 892 031e 48       		.sleb128 -56
 893 031f 10       		.uleb128 0x10
 894 0320 01       		.uleb128 0x1
 895 0321 51       		.byte	0x51
 896 0322 05       		.uleb128 0x5
 897 0323 03       		.byte	0x3
 898 0324 EC000000 		.4byte	.LC6
ARM GAS  C:\Users\Martina\AppData\Local\Temp\ccmseuvz.s 			page 22


 899 0328 00       		.byte	0
 900 0329 11       		.uleb128 0x11
 901 032a A8010000 		.4byte	.LVL53
 902 032e 1B060000 		.4byte	0x61b
 903 0332 10       		.uleb128 0x10
 904 0333 01       		.uleb128 0x1
 905 0334 50       		.byte	0x50
 906 0335 02       		.uleb128 0x2
 907 0336 91       		.byte	0x91
 908 0337 48       		.sleb128 -56
 909 0338 00       		.byte	0
 910 0339 00       		.byte	0
 911 033a 0D       		.uleb128 0xd
 912 033b DE010000 		.4byte	.LBB3
 913 033f 50000000 		.4byte	.LBE3-.LBB3
 914 0343 96030000 		.4byte	0x396
 915 0347 0E       		.uleb128 0xe
 916 0348 6900     		.ascii	"i\000"
 917 034a 01       		.byte	0x1
 918 034b E2       		.byte	0xe2
 919 034c 73000000 		.4byte	0x73
 920 0350 60010000 		.4byte	.LLST7
 921 0354 0F       		.uleb128 0xf
 922 0355 1C020000 		.4byte	.LVL65
 923 0359 10060000 		.4byte	0x610
 924 035d 71030000 		.4byte	0x371
 925 0361 10       		.uleb128 0x10
 926 0362 01       		.uleb128 0x1
 927 0363 50       		.byte	0x50
 928 0364 02       		.uleb128 0x2
 929 0365 91       		.byte	0x91
 930 0366 48       		.sleb128 -56
 931 0367 10       		.uleb128 0x10
 932 0368 01       		.uleb128 0x1
 933 0369 51       		.byte	0x51
 934 036a 05       		.uleb128 0x5
 935 036b 03       		.byte	0x3
 936 036c 28010000 		.4byte	.LC8
 937 0370 00       		.byte	0
 938 0371 0F       		.uleb128 0xf
 939 0372 22020000 		.4byte	.LVL66
 940 0376 1B060000 		.4byte	0x61b
 941 037a 85030000 		.4byte	0x385
 942 037e 10       		.uleb128 0x10
 943 037f 01       		.uleb128 0x1
 944 0380 50       		.byte	0x50
 945 0381 02       		.uleb128 0x2
 946 0382 91       		.byte	0x91
 947 0383 48       		.sleb128 -56
 948 0384 00       		.byte	0
 949 0385 11       		.uleb128 0x11
 950 0386 28020000 		.4byte	.LVL67
 951 038a 26060000 		.4byte	0x626
 952 038e 10       		.uleb128 0x10
 953 038f 01       		.uleb128 0x1
 954 0390 50       		.byte	0x50
 955 0391 02       		.uleb128 0x2
ARM GAS  C:\Users\Martina\AppData\Local\Temp\ccmseuvz.s 			page 23


 956 0392 08       		.byte	0x8
 957 0393 C8       		.byte	0xc8
 958 0394 00       		.byte	0
 959 0395 00       		.byte	0
 960 0396 12       		.uleb128 0x12
 961 0397 0C000000 		.4byte	.LVL0
 962 039b 31060000 		.4byte	0x631
 963 039f 12       		.uleb128 0x12
 964 03a0 10000000 		.4byte	.LVL1
 965 03a4 3C060000 		.4byte	0x63c
 966 03a8 0F       		.uleb128 0xf
 967 03a9 16000000 		.4byte	.LVL2
 968 03ad 26060000 		.4byte	0x626
 969 03b1 BB030000 		.4byte	0x3bb
 970 03b5 10       		.uleb128 0x10
 971 03b6 01       		.uleb128 0x1
 972 03b7 50       		.byte	0x50
 973 03b8 01       		.uleb128 0x1
 974 03b9 35       		.byte	0x35
 975 03ba 00       		.byte	0
 976 03bb 0F       		.uleb128 0xf
 977 03bc 20000000 		.4byte	.LVL3
 978 03c0 47060000 		.4byte	0x647
 979 03c4 DA030000 		.4byte	0x3da
 980 03c8 10       		.uleb128 0x10
 981 03c9 01       		.uleb128 0x1
 982 03ca 50       		.byte	0x50
 983 03cb 01       		.uleb128 0x1
 984 03cc 48       		.byte	0x48
 985 03cd 10       		.uleb128 0x10
 986 03ce 01       		.uleb128 0x1
 987 03cf 51       		.byte	0x51
 988 03d0 02       		.uleb128 0x2
 989 03d1 08       		.byte	0x8
 990 03d2 2E       		.byte	0x2e
 991 03d3 10       		.uleb128 0x10
 992 03d4 01       		.uleb128 0x1
 993 03d5 52       		.byte	0x52
 994 03d6 02       		.uleb128 0x2
 995 03d7 08       		.byte	0x8
 996 03d8 40       		.byte	0x40
 997 03d9 00       		.byte	0
 998 03da 0F       		.uleb128 0xf
 999 03db 2A000000 		.4byte	.LVL4
 1000 03df 47060000 		.4byte	0x647
 1001 03e3 F9030000 		.4byte	0x3f9
 1002 03e7 10       		.uleb128 0x10
 1003 03e8 01       		.uleb128 0x1
 1004 03e9 50       		.byte	0x50
 1005 03ea 01       		.uleb128 0x1
 1006 03eb 48       		.byte	0x48
 1007 03ec 10       		.uleb128 0x10
 1008 03ed 01       		.uleb128 0x1
 1009 03ee 51       		.byte	0x51
 1010 03ef 02       		.uleb128 0x2
 1011 03f0 08       		.byte	0x8
 1012 03f1 24       		.byte	0x24
ARM GAS  C:\Users\Martina\AppData\Local\Temp\ccmseuvz.s 			page 24


 1013 03f2 10       		.uleb128 0x10
 1014 03f3 01       		.uleb128 0x1
 1015 03f4 52       		.byte	0x52
 1016 03f5 02       		.uleb128 0x2
 1017 03f6 08       		.byte	0x8
 1018 03f7 40       		.byte	0x40
 1019 03f8 00       		.byte	0
 1020 03f9 0F       		.uleb128 0xf
 1021 03fa 3E000000 		.4byte	.LVL6
 1022 03fe 1B060000 		.4byte	0x61b
 1023 0402 0D040000 		.4byte	0x40d
 1024 0406 10       		.uleb128 0x10
 1025 0407 01       		.uleb128 0x1
 1026 0408 50       		.byte	0x50
 1027 0409 02       		.uleb128 0x2
 1028 040a 74       		.byte	0x74
 1029 040b 70       		.sleb128 -16
 1030 040c 00       		.byte	0
 1031 040d 0F       		.uleb128 0xf
 1032 040e 46000000 		.4byte	.LVL9
 1033 0412 1B060000 		.4byte	0x61b
 1034 0416 24040000 		.4byte	0x424
 1035 041a 10       		.uleb128 0x10
 1036 041b 01       		.uleb128 0x1
 1037 041c 50       		.byte	0x50
 1038 041d 05       		.uleb128 0x5
 1039 041e 03       		.byte	0x3
 1040 041f 14000000 		.4byte	.LC1
 1041 0423 00       		.byte	0
 1042 0424 0F       		.uleb128 0xf
 1043 0425 52000000 		.4byte	.LVL10
 1044 0429 05060000 		.4byte	0x605
 1045 042d 43040000 		.4byte	0x443
 1046 0431 10       		.uleb128 0x10
 1047 0432 01       		.uleb128 0x1
 1048 0433 50       		.byte	0x50
 1049 0434 01       		.uleb128 0x1
 1050 0435 48       		.byte	0x48
 1051 0436 10       		.uleb128 0x10
 1052 0437 01       		.uleb128 0x1
 1053 0438 51       		.byte	0x51
 1054 0439 02       		.uleb128 0x2
 1055 043a 08       		.byte	0x8
 1056 043b 24       		.byte	0x24
 1057 043c 10       		.uleb128 0x10
 1058 043d 01       		.uleb128 0x1
 1059 043e 52       		.byte	0x52
 1060 043f 02       		.uleb128 0x2
 1061 0440 91       		.byte	0x91
 1062 0441 47       		.sleb128 -57
 1063 0442 00       		.byte	0
 1064 0443 0F       		.uleb128 0xf
 1065 0444 62000000 		.4byte	.LVL12
 1066 0448 10060000 		.4byte	0x610
 1067 044c 66040000 		.4byte	0x466
 1068 0450 10       		.uleb128 0x10
 1069 0451 01       		.uleb128 0x1
ARM GAS  C:\Users\Martina\AppData\Local\Temp\ccmseuvz.s 			page 25


 1070 0452 50       		.byte	0x50
 1071 0453 02       		.uleb128 0x2
 1072 0454 91       		.byte	0x91
 1073 0455 48       		.sleb128 -56
 1074 0456 10       		.uleb128 0x10
 1075 0457 01       		.uleb128 0x1
 1076 0458 51       		.byte	0x51
 1077 0459 05       		.uleb128 0x5
 1078 045a 03       		.byte	0x3
 1079 045b 50000000 		.4byte	.LC2
 1080 045f 10       		.uleb128 0x10
 1081 0460 01       		.uleb128 0x1
 1082 0461 53       		.byte	0x53
 1083 0462 02       		.uleb128 0x2
 1084 0463 08       		.byte	0x8
 1085 0464 40       		.byte	0x40
 1086 0465 00       		.byte	0
 1087 0466 0F       		.uleb128 0xf
 1088 0467 68000000 		.4byte	.LVL13
 1089 046b 1B060000 		.4byte	0x61b
 1090 046f 7A040000 		.4byte	0x47a
 1091 0473 10       		.uleb128 0x10
 1092 0474 01       		.uleb128 0x1
 1093 0475 50       		.byte	0x50
 1094 0476 02       		.uleb128 0x2
 1095 0477 91       		.byte	0x91
 1096 0478 48       		.sleb128 -56
 1097 0479 00       		.byte	0
 1098 047a 0F       		.uleb128 0xf
 1099 047b 70000000 		.4byte	.LVL16
 1100 047f 1B060000 		.4byte	0x61b
 1101 0483 91040000 		.4byte	0x491
 1102 0487 10       		.uleb128 0x10
 1103 0488 01       		.uleb128 0x1
 1104 0489 50       		.byte	0x50
 1105 048a 05       		.uleb128 0x5
 1106 048b 03       		.byte	0x3
 1107 048c 8C000000 		.4byte	.LC3
 1108 0490 00       		.byte	0
 1109 0491 0F       		.uleb128 0xf
 1110 0492 7A000000 		.4byte	.LVL17
 1111 0496 47060000 		.4byte	0x647
 1112 049a B0040000 		.4byte	0x4b0
 1113 049e 10       		.uleb128 0x10
 1114 049f 01       		.uleb128 0x1
 1115 04a0 50       		.byte	0x50
 1116 04a1 01       		.uleb128 0x1
 1117 04a2 48       		.byte	0x48
 1118 04a3 10       		.uleb128 0x10
 1119 04a4 01       		.uleb128 0x1
 1120 04a5 51       		.byte	0x51
 1121 04a6 02       		.uleb128 0x2
 1122 04a7 08       		.byte	0x8
 1123 04a8 20       		.byte	0x20
 1124 04a9 10       		.uleb128 0x10
 1125 04aa 01       		.uleb128 0x1
 1126 04ab 52       		.byte	0x52
ARM GAS  C:\Users\Martina\AppData\Local\Temp\ccmseuvz.s 			page 26


 1127 04ac 02       		.uleb128 0x2
 1128 04ad 08       		.byte	0x8
 1129 04ae 27       		.byte	0x27
 1130 04af 00       		.byte	0
 1131 04b0 0F       		.uleb128 0xf
 1132 04b1 86000000 		.4byte	.LVL18
 1133 04b5 05060000 		.4byte	0x605
 1134 04b9 CF040000 		.4byte	0x4cf
 1135 04bd 10       		.uleb128 0x10
 1136 04be 01       		.uleb128 0x1
 1137 04bf 50       		.byte	0x50
 1138 04c0 01       		.uleb128 0x1
 1139 04c1 48       		.byte	0x48
 1140 04c2 10       		.uleb128 0x10
 1141 04c3 01       		.uleb128 0x1
 1142 04c4 51       		.byte	0x51
 1143 04c5 02       		.uleb128 0x2
 1144 04c6 08       		.byte	0x8
 1145 04c7 20       		.byte	0x20
 1146 04c8 10       		.uleb128 0x10
 1147 04c9 01       		.uleb128 0x1
 1148 04ca 52       		.byte	0x52
 1149 04cb 02       		.uleb128 0x2
 1150 04cc 91       		.byte	0x91
 1151 04cd 46       		.sleb128 -58
 1152 04ce 00       		.byte	0
 1153 04cf 0F       		.uleb128 0xf
 1154 04d0 94000000 		.4byte	.LVL20
 1155 04d4 10060000 		.4byte	0x610
 1156 04d8 EC040000 		.4byte	0x4ec
 1157 04dc 10       		.uleb128 0x10
 1158 04dd 01       		.uleb128 0x1
 1159 04de 50       		.byte	0x50
 1160 04df 02       		.uleb128 0x2
 1161 04e0 91       		.byte	0x91
 1162 04e1 48       		.sleb128 -56
 1163 04e2 10       		.uleb128 0x10
 1164 04e3 01       		.uleb128 0x1
 1165 04e4 51       		.byte	0x51
 1166 04e5 05       		.uleb128 0x5
 1167 04e6 03       		.byte	0x3
 1168 04e7 C0000000 		.4byte	.LC4
 1169 04eb 00       		.byte	0
 1170 04ec 0F       		.uleb128 0xf
 1171 04ed 9A000000 		.4byte	.LVL21
 1172 04f1 1B060000 		.4byte	0x61b
 1173 04f5 00050000 		.4byte	0x500
 1174 04f9 10       		.uleb128 0x10
 1175 04fa 01       		.uleb128 0x1
 1176 04fb 50       		.byte	0x50
 1177 04fc 02       		.uleb128 0x2
 1178 04fd 91       		.byte	0x91
 1179 04fe 48       		.sleb128 -56
 1180 04ff 00       		.byte	0
 1181 0500 0F       		.uleb128 0xf
 1182 0501 A4000000 		.4byte	.LVL22
 1183 0505 47060000 		.4byte	0x647
ARM GAS  C:\Users\Martina\AppData\Local\Temp\ccmseuvz.s 			page 27


 1184 0509 1E050000 		.4byte	0x51e
 1185 050d 10       		.uleb128 0x10
 1186 050e 01       		.uleb128 0x1
 1187 050f 50       		.byte	0x50
 1188 0510 01       		.uleb128 0x1
 1189 0511 48       		.byte	0x48
 1190 0512 10       		.uleb128 0x10
 1191 0513 01       		.uleb128 0x1
 1192 0514 51       		.byte	0x51
 1193 0515 02       		.uleb128 0x2
 1194 0516 08       		.byte	0x8
 1195 0517 23       		.byte	0x23
 1196 0518 10       		.uleb128 0x10
 1197 0519 01       		.uleb128 0x1
 1198 051a 52       		.byte	0x52
 1199 051b 01       		.uleb128 0x1
 1200 051c 30       		.byte	0x30
 1201 051d 00       		.byte	0
 1202 051e 0F       		.uleb128 0xf
 1203 051f BA000000 		.4byte	.LVL25
 1204 0523 05060000 		.4byte	0x605
 1205 0527 3E050000 		.4byte	0x53e
 1206 052b 10       		.uleb128 0x10
 1207 052c 01       		.uleb128 0x1
 1208 052d 50       		.byte	0x50
 1209 052e 01       		.uleb128 0x1
 1210 052f 48       		.byte	0x48
 1211 0530 10       		.uleb128 0x10
 1212 0531 01       		.uleb128 0x1
 1213 0532 51       		.byte	0x51
 1214 0533 02       		.uleb128 0x2
 1215 0534 08       		.byte	0x8
 1216 0535 2F       		.byte	0x2f
 1217 0536 10       		.uleb128 0x10
 1218 0537 01       		.uleb128 0x1
 1219 0538 52       		.byte	0x52
 1220 0539 03       		.uleb128 0x3
 1221 053a 91       		.byte	0x91
 1222 053b BB7C     		.sleb128 -453
 1223 053d 00       		.byte	0
 1224 053e 0F       		.uleb128 0xf
 1225 053f D4000000 		.4byte	.LVL27
 1226 0543 1B060000 		.4byte	0x61b
 1227 0547 52050000 		.4byte	0x552
 1228 054b 10       		.uleb128 0x10
 1229 054c 01       		.uleb128 0x1
 1230 054d 50       		.byte	0x50
 1231 054e 02       		.uleb128 0x2
 1232 054f 74       		.byte	0x74
 1233 0550 74       		.sleb128 -12
 1234 0551 00       		.byte	0
 1235 0552 0F       		.uleb128 0xf
 1236 0553 B8010000 		.4byte	.LVL56
 1237 0557 47060000 		.4byte	0x647
 1238 055b 70050000 		.4byte	0x570
 1239 055f 10       		.uleb128 0x10
 1240 0560 01       		.uleb128 0x1
ARM GAS  C:\Users\Martina\AppData\Local\Temp\ccmseuvz.s 			page 28


 1241 0561 50       		.byte	0x50
 1242 0562 01       		.uleb128 0x1
 1243 0563 48       		.byte	0x48
 1244 0564 10       		.uleb128 0x10
 1245 0565 01       		.uleb128 0x1
 1246 0566 51       		.byte	0x51
 1247 0567 02       		.uleb128 0x2
 1248 0568 08       		.byte	0x8
 1249 0569 2E       		.byte	0x2e
 1250 056a 10       		.uleb128 0x10
 1251 056b 01       		.uleb128 0x1
 1252 056c 52       		.byte	0x52
 1253 056d 01       		.uleb128 0x1
 1254 056e 30       		.byte	0x30
 1255 056f 00       		.byte	0
 1256 0570 0F       		.uleb128 0xf
 1257 0571 C2010000 		.4byte	.LVL57
 1258 0575 47060000 		.4byte	0x647
 1259 0579 8F050000 		.4byte	0x58f
 1260 057d 10       		.uleb128 0x10
 1261 057e 01       		.uleb128 0x1
 1262 057f 50       		.byte	0x50
 1263 0580 01       		.uleb128 0x1
 1264 0581 48       		.byte	0x48
 1265 0582 10       		.uleb128 0x10
 1266 0583 01       		.uleb128 0x1
 1267 0584 51       		.byte	0x51
 1268 0585 02       		.uleb128 0x2
 1269 0586 08       		.byte	0x8
 1270 0587 2E       		.byte	0x2e
 1271 0588 10       		.uleb128 0x10
 1272 0589 01       		.uleb128 0x1
 1273 058a 52       		.byte	0x52
 1274 058b 02       		.uleb128 0x2
 1275 058c 08       		.byte	0x8
 1276 058d 40       		.byte	0x40
 1277 058e 00       		.byte	0
 1278 058f 0F       		.uleb128 0xf
 1279 0590 DE010000 		.4byte	.LVL60
 1280 0594 1B060000 		.4byte	0x61b
 1281 0598 A3050000 		.4byte	0x5a3
 1282 059c 10       		.uleb128 0x10
 1283 059d 01       		.uleb128 0x1
 1284 059e 50       		.byte	0x50
 1285 059f 02       		.uleb128 0x2
 1286 05a0 74       		.byte	0x74
 1287 05a1 68       		.sleb128 -24
 1288 05a2 00       		.byte	0
 1289 05a3 11       		.uleb128 0x11
 1290 05a4 36020000 		.4byte	.LVL70
 1291 05a8 26060000 		.4byte	0x626
 1292 05ac 10       		.uleb128 0x10
 1293 05ad 01       		.uleb128 0x1
 1294 05ae 50       		.byte	0x50
 1295 05af 02       		.uleb128 0x2
 1296 05b0 08       		.byte	0x8
 1297 05b1 64       		.byte	0x64
ARM GAS  C:\Users\Martina\AppData\Local\Temp\ccmseuvz.s 			page 29


 1298 05b2 00       		.byte	0
 1299 05b3 00       		.byte	0
 1300 05b4 13       		.uleb128 0x13
 1301 05b5 8F000000 		.4byte	0x8f
 1302 05b9 C4050000 		.4byte	0x5c4
 1303 05bd 14       		.uleb128 0x14
 1304 05be 88000000 		.4byte	0x88
 1305 05c2 1F       		.byte	0x1f
 1306 05c3 00       		.byte	0
 1307 05c4 13       		.uleb128 0x13
 1308 05c5 96000000 		.4byte	0x96
 1309 05c9 D4050000 		.4byte	0x5d4
 1310 05cd 14       		.uleb128 0x14
 1311 05ce 88000000 		.4byte	0x88
 1312 05d2 01       		.byte	0x1
 1313 05d3 00       		.byte	0
 1314 05d4 13       		.uleb128 0x13
 1315 05d5 AC000000 		.4byte	0xac
 1316 05d9 E4050000 		.4byte	0x5e4
 1317 05dd 14       		.uleb128 0x14
 1318 05de 88000000 		.4byte	0x88
 1319 05e2 5F       		.byte	0x5f
 1320 05e3 00       		.byte	0
 1321 05e4 13       		.uleb128 0x13
 1322 05e5 96000000 		.4byte	0x96
 1323 05e9 F4050000 		.4byte	0x5f4
 1324 05ed 14       		.uleb128 0x14
 1325 05ee 88000000 		.4byte	0x88
 1326 05f2 5F       		.byte	0x5f
 1327 05f3 00       		.byte	0
 1328 05f4 15       		.uleb128 0x15
 1329 05f5 56010000 		.4byte	.LASF52
 1330 05f9 09       		.byte	0x9
 1331 05fa 1207     		.2byte	0x712
 1332 05fc 00060000 		.4byte	0x600
 1333 0600 16       		.uleb128 0x16
 1334 0601 A1000000 		.4byte	0xa1
 1335 0605 17       		.uleb128 0x17
 1336 0606 9C020000 		.4byte	.LASF41
 1337 060a 9C020000 		.4byte	.LASF41
 1338 060e 05       		.byte	0x5
 1339 060f 28       		.byte	0x28
 1340 0610 17       		.uleb128 0x17
 1341 0611 0F030000 		.4byte	.LASF42
 1342 0615 0F030000 		.4byte	.LASF42
 1343 0619 06       		.byte	0x6
 1344 061a E7       		.byte	0xe7
 1345 061b 17       		.uleb128 0x17
 1346 061c FE020000 		.4byte	.LASF43
 1347 0620 FE020000 		.4byte	.LASF43
 1348 0624 07       		.byte	0x7
 1349 0625 8B       		.byte	0x8b
 1350 0626 17       		.uleb128 0x17
 1351 0627 17030000 		.4byte	.LASF44
 1352 062b 17030000 		.4byte	.LASF44
 1353 062f 08       		.byte	0x8
 1354 0630 76       		.byte	0x76
ARM GAS  C:\Users\Martina\AppData\Local\Temp\ccmseuvz.s 			page 30


 1355 0631 17       		.uleb128 0x17
 1356 0632 1F030000 		.4byte	.LASF45
 1357 0636 1F030000 		.4byte	.LASF45
 1358 063a 05       		.byte	0x5
 1359 063b 17       		.byte	0x17
 1360 063c 17       		.uleb128 0x17
 1361 063d 12000000 		.4byte	.LASF46
 1362 0641 12000000 		.4byte	.LASF46
 1363 0645 07       		.byte	0x7
 1364 0646 54       		.byte	0x54
 1365 0647 17       		.uleb128 0x17
 1366 0648 39010000 		.4byte	.LASF47
 1367 064c 39010000 		.4byte	.LASF47
 1368 0650 05       		.byte	0x5
 1369 0651 43       		.byte	0x43
 1370 0652 00       		.byte	0
 1371              		.section	.debug_abbrev,"",%progbits
 1372              	.Ldebug_abbrev0:
 1373 0000 01       		.uleb128 0x1
 1374 0001 11       		.uleb128 0x11
 1375 0002 01       		.byte	0x1
 1376 0003 25       		.uleb128 0x25
 1377 0004 0E       		.uleb128 0xe
 1378 0005 13       		.uleb128 0x13
 1379 0006 0B       		.uleb128 0xb
 1380 0007 03       		.uleb128 0x3
 1381 0008 0E       		.uleb128 0xe
 1382 0009 1B       		.uleb128 0x1b
 1383 000a 0E       		.uleb128 0xe
 1384 000b 55       		.uleb128 0x55
 1385 000c 17       		.uleb128 0x17
 1386 000d 11       		.uleb128 0x11
 1387 000e 01       		.uleb128 0x1
 1388 000f 10       		.uleb128 0x10
 1389 0010 17       		.uleb128 0x17
 1390 0011 00       		.byte	0
 1391 0012 00       		.byte	0
 1392 0013 02       		.uleb128 0x2
 1393 0014 24       		.uleb128 0x24
 1394 0015 00       		.byte	0
 1395 0016 0B       		.uleb128 0xb
 1396 0017 0B       		.uleb128 0xb
 1397 0018 3E       		.uleb128 0x3e
 1398 0019 0B       		.uleb128 0xb
 1399 001a 03       		.uleb128 0x3
 1400 001b 0E       		.uleb128 0xe
 1401 001c 00       		.byte	0
 1402 001d 00       		.byte	0
 1403 001e 03       		.uleb128 0x3
 1404 001f 16       		.uleb128 0x16
 1405 0020 00       		.byte	0
 1406 0021 03       		.uleb128 0x3
 1407 0022 0E       		.uleb128 0xe
 1408 0023 3A       		.uleb128 0x3a
 1409 0024 0B       		.uleb128 0xb
 1410 0025 3B       		.uleb128 0x3b
 1411 0026 0B       		.uleb128 0xb
ARM GAS  C:\Users\Martina\AppData\Local\Temp\ccmseuvz.s 			page 31


 1412 0027 49       		.uleb128 0x49
 1413 0028 13       		.uleb128 0x13
 1414 0029 00       		.byte	0
 1415 002a 00       		.byte	0
 1416 002b 04       		.uleb128 0x4
 1417 002c 24       		.uleb128 0x24
 1418 002d 00       		.byte	0
 1419 002e 0B       		.uleb128 0xb
 1420 002f 0B       		.uleb128 0xb
 1421 0030 3E       		.uleb128 0x3e
 1422 0031 0B       		.uleb128 0xb
 1423 0032 03       		.uleb128 0x3
 1424 0033 08       		.uleb128 0x8
 1425 0034 00       		.byte	0
 1426 0035 00       		.byte	0
 1427 0036 05       		.uleb128 0x5
 1428 0037 04       		.uleb128 0x4
 1429 0038 01       		.byte	0x1
 1430 0039 0B       		.uleb128 0xb
 1431 003a 0B       		.uleb128 0xb
 1432 003b 49       		.uleb128 0x49
 1433 003c 13       		.uleb128 0x13
 1434 003d 3A       		.uleb128 0x3a
 1435 003e 0B       		.uleb128 0xb
 1436 003f 3B       		.uleb128 0x3b
 1437 0040 0B       		.uleb128 0xb
 1438 0041 01       		.uleb128 0x1
 1439 0042 13       		.uleb128 0x13
 1440 0043 00       		.byte	0
 1441 0044 00       		.byte	0
 1442 0045 06       		.uleb128 0x6
 1443 0046 28       		.uleb128 0x28
 1444 0047 00       		.byte	0
 1445 0048 03       		.uleb128 0x3
 1446 0049 0E       		.uleb128 0xe
 1447 004a 1C       		.uleb128 0x1c
 1448 004b 0B       		.uleb128 0xb
 1449 004c 00       		.byte	0
 1450 004d 00       		.byte	0
 1451 004e 07       		.uleb128 0x7
 1452 004f 2E       		.uleb128 0x2e
 1453 0050 01       		.byte	0x1
 1454 0051 3F       		.uleb128 0x3f
 1455 0052 19       		.uleb128 0x19
 1456 0053 03       		.uleb128 0x3
 1457 0054 0E       		.uleb128 0xe
 1458 0055 3A       		.uleb128 0x3a
 1459 0056 0B       		.uleb128 0xb
 1460 0057 3B       		.uleb128 0x3b
 1461 0058 0B       		.uleb128 0xb
 1462 0059 27       		.uleb128 0x27
 1463 005a 19       		.uleb128 0x19
 1464 005b 49       		.uleb128 0x49
 1465 005c 13       		.uleb128 0x13
 1466 005d 8701     		.uleb128 0x87
 1467 005f 19       		.uleb128 0x19
 1468 0060 11       		.uleb128 0x11
ARM GAS  C:\Users\Martina\AppData\Local\Temp\ccmseuvz.s 			page 32


 1469 0061 01       		.uleb128 0x1
 1470 0062 12       		.uleb128 0x12
 1471 0063 06       		.uleb128 0x6
 1472 0064 40       		.uleb128 0x40
 1473 0065 18       		.uleb128 0x18
 1474 0066 9642     		.uleb128 0x2116
 1475 0068 19       		.uleb128 0x19
 1476 0069 01       		.uleb128 0x1
 1477 006a 13       		.uleb128 0x13
 1478 006b 00       		.byte	0
 1479 006c 00       		.byte	0
 1480 006d 08       		.uleb128 0x8
 1481 006e 34       		.uleb128 0x34
 1482 006f 00       		.byte	0
 1483 0070 03       		.uleb128 0x3
 1484 0071 0E       		.uleb128 0xe
 1485 0072 3A       		.uleb128 0x3a
 1486 0073 0B       		.uleb128 0xb
 1487 0074 3B       		.uleb128 0x3b
 1488 0075 0B       		.uleb128 0xb
 1489 0076 49       		.uleb128 0x49
 1490 0077 13       		.uleb128 0x13
 1491 0078 02       		.uleb128 0x2
 1492 0079 18       		.uleb128 0x18
 1493 007a 00       		.byte	0
 1494 007b 00       		.byte	0
 1495 007c 09       		.uleb128 0x9
 1496 007d 34       		.uleb128 0x34
 1497 007e 00       		.byte	0
 1498 007f 03       		.uleb128 0x3
 1499 0080 0E       		.uleb128 0xe
 1500 0081 3A       		.uleb128 0x3a
 1501 0082 0B       		.uleb128 0xb
 1502 0083 3B       		.uleb128 0x3b
 1503 0084 0B       		.uleb128 0xb
 1504 0085 49       		.uleb128 0x49
 1505 0086 13       		.uleb128 0x13
 1506 0087 02       		.uleb128 0x2
 1507 0088 17       		.uleb128 0x17
 1508 0089 00       		.byte	0
 1509 008a 00       		.byte	0
 1510 008b 0A       		.uleb128 0xa
 1511 008c 34       		.uleb128 0x34
 1512 008d 00       		.byte	0
 1513 008e 03       		.uleb128 0x3
 1514 008f 0E       		.uleb128 0xe
 1515 0090 3A       		.uleb128 0x3a
 1516 0091 0B       		.uleb128 0xb
 1517 0092 3B       		.uleb128 0x3b
 1518 0093 0B       		.uleb128 0xb
 1519 0094 49       		.uleb128 0x49
 1520 0095 13       		.uleb128 0x13
 1521 0096 00       		.byte	0
 1522 0097 00       		.byte	0
 1523 0098 0B       		.uleb128 0xb
 1524 0099 34       		.uleb128 0x34
 1525 009a 00       		.byte	0
ARM GAS  C:\Users\Martina\AppData\Local\Temp\ccmseuvz.s 			page 33


 1526 009b 03       		.uleb128 0x3
 1527 009c 0E       		.uleb128 0xe
 1528 009d 3A       		.uleb128 0x3a
 1529 009e 0B       		.uleb128 0xb
 1530 009f 3B       		.uleb128 0x3b
 1531 00a0 0B       		.uleb128 0xb
 1532 00a1 49       		.uleb128 0x49
 1533 00a2 13       		.uleb128 0x13
 1534 00a3 1C       		.uleb128 0x1c
 1535 00a4 0B       		.uleb128 0xb
 1536 00a5 00       		.byte	0
 1537 00a6 00       		.byte	0
 1538 00a7 0C       		.uleb128 0xc
 1539 00a8 34       		.uleb128 0x34
 1540 00a9 00       		.byte	0
 1541 00aa 03       		.uleb128 0x3
 1542 00ab 08       		.uleb128 0x8
 1543 00ac 3A       		.uleb128 0x3a
 1544 00ad 0B       		.uleb128 0xb
 1545 00ae 3B       		.uleb128 0x3b
 1546 00af 0B       		.uleb128 0xb
 1547 00b0 49       		.uleb128 0x49
 1548 00b1 13       		.uleb128 0x13
 1549 00b2 00       		.byte	0
 1550 00b3 00       		.byte	0
 1551 00b4 0D       		.uleb128 0xd
 1552 00b5 0B       		.uleb128 0xb
 1553 00b6 01       		.byte	0x1
 1554 00b7 11       		.uleb128 0x11
 1555 00b8 01       		.uleb128 0x1
 1556 00b9 12       		.uleb128 0x12
 1557 00ba 06       		.uleb128 0x6
 1558 00bb 01       		.uleb128 0x1
 1559 00bc 13       		.uleb128 0x13
 1560 00bd 00       		.byte	0
 1561 00be 00       		.byte	0
 1562 00bf 0E       		.uleb128 0xe
 1563 00c0 34       		.uleb128 0x34
 1564 00c1 00       		.byte	0
 1565 00c2 03       		.uleb128 0x3
 1566 00c3 08       		.uleb128 0x8
 1567 00c4 3A       		.uleb128 0x3a
 1568 00c5 0B       		.uleb128 0xb
 1569 00c6 3B       		.uleb128 0x3b
 1570 00c7 0B       		.uleb128 0xb
 1571 00c8 49       		.uleb128 0x49
 1572 00c9 13       		.uleb128 0x13
 1573 00ca 02       		.uleb128 0x2
 1574 00cb 17       		.uleb128 0x17
 1575 00cc 00       		.byte	0
 1576 00cd 00       		.byte	0
 1577 00ce 0F       		.uleb128 0xf
 1578 00cf 898201   		.uleb128 0x4109
 1579 00d2 01       		.byte	0x1
 1580 00d3 11       		.uleb128 0x11
 1581 00d4 01       		.uleb128 0x1
 1582 00d5 31       		.uleb128 0x31
ARM GAS  C:\Users\Martina\AppData\Local\Temp\ccmseuvz.s 			page 34


 1583 00d6 13       		.uleb128 0x13
 1584 00d7 01       		.uleb128 0x1
 1585 00d8 13       		.uleb128 0x13
 1586 00d9 00       		.byte	0
 1587 00da 00       		.byte	0
 1588 00db 10       		.uleb128 0x10
 1589 00dc 8A8201   		.uleb128 0x410a
 1590 00df 00       		.byte	0
 1591 00e0 02       		.uleb128 0x2
 1592 00e1 18       		.uleb128 0x18
 1593 00e2 9142     		.uleb128 0x2111
 1594 00e4 18       		.uleb128 0x18
 1595 00e5 00       		.byte	0
 1596 00e6 00       		.byte	0
 1597 00e7 11       		.uleb128 0x11
 1598 00e8 898201   		.uleb128 0x4109
 1599 00eb 01       		.byte	0x1
 1600 00ec 11       		.uleb128 0x11
 1601 00ed 01       		.uleb128 0x1
 1602 00ee 31       		.uleb128 0x31
 1603 00ef 13       		.uleb128 0x13
 1604 00f0 00       		.byte	0
 1605 00f1 00       		.byte	0
 1606 00f2 12       		.uleb128 0x12
 1607 00f3 898201   		.uleb128 0x4109
 1608 00f6 00       		.byte	0
 1609 00f7 11       		.uleb128 0x11
 1610 00f8 01       		.uleb128 0x1
 1611 00f9 31       		.uleb128 0x31
 1612 00fa 13       		.uleb128 0x13
 1613 00fb 00       		.byte	0
 1614 00fc 00       		.byte	0
 1615 00fd 13       		.uleb128 0x13
 1616 00fe 01       		.uleb128 0x1
 1617 00ff 01       		.byte	0x1
 1618 0100 49       		.uleb128 0x49
 1619 0101 13       		.uleb128 0x13
 1620 0102 01       		.uleb128 0x1
 1621 0103 13       		.uleb128 0x13
 1622 0104 00       		.byte	0
 1623 0105 00       		.byte	0
 1624 0106 14       		.uleb128 0x14
 1625 0107 21       		.uleb128 0x21
 1626 0108 00       		.byte	0
 1627 0109 49       		.uleb128 0x49
 1628 010a 13       		.uleb128 0x13
 1629 010b 2F       		.uleb128 0x2f
 1630 010c 0B       		.uleb128 0xb
 1631 010d 00       		.byte	0
 1632 010e 00       		.byte	0
 1633 010f 15       		.uleb128 0x15
 1634 0110 34       		.uleb128 0x34
 1635 0111 00       		.byte	0
 1636 0112 03       		.uleb128 0x3
 1637 0113 0E       		.uleb128 0xe
 1638 0114 3A       		.uleb128 0x3a
 1639 0115 0B       		.uleb128 0xb
ARM GAS  C:\Users\Martina\AppData\Local\Temp\ccmseuvz.s 			page 35


 1640 0116 3B       		.uleb128 0x3b
 1641 0117 05       		.uleb128 0x5
 1642 0118 49       		.uleb128 0x49
 1643 0119 13       		.uleb128 0x13
 1644 011a 3F       		.uleb128 0x3f
 1645 011b 19       		.uleb128 0x19
 1646 011c 3C       		.uleb128 0x3c
 1647 011d 19       		.uleb128 0x19
 1648 011e 00       		.byte	0
 1649 011f 00       		.byte	0
 1650 0120 16       		.uleb128 0x16
 1651 0121 35       		.uleb128 0x35
 1652 0122 00       		.byte	0
 1653 0123 49       		.uleb128 0x49
 1654 0124 13       		.uleb128 0x13
 1655 0125 00       		.byte	0
 1656 0126 00       		.byte	0
 1657 0127 17       		.uleb128 0x17
 1658 0128 2E       		.uleb128 0x2e
 1659 0129 00       		.byte	0
 1660 012a 3F       		.uleb128 0x3f
 1661 012b 19       		.uleb128 0x19
 1662 012c 3C       		.uleb128 0x3c
 1663 012d 19       		.uleb128 0x19
 1664 012e 6E       		.uleb128 0x6e
 1665 012f 0E       		.uleb128 0xe
 1666 0130 03       		.uleb128 0x3
 1667 0131 0E       		.uleb128 0xe
 1668 0132 3A       		.uleb128 0x3a
 1669 0133 0B       		.uleb128 0xb
 1670 0134 3B       		.uleb128 0x3b
 1671 0135 0B       		.uleb128 0xb
 1672 0136 00       		.byte	0
 1673 0137 00       		.byte	0
 1674 0138 00       		.byte	0
 1675              		.section	.debug_loc,"",%progbits
 1676              	.Ldebug_loc0:
 1677              	.LLST0:
 1678 0000 16000000 		.4byte	.LVL2
 1679 0004 70000000 		.4byte	.LVL16
 1680 0008 0300     		.2byte	0x3
 1681 000a 08       		.byte	0x8
 1682 000b 40       		.byte	0x40
 1683 000c 9F       		.byte	0x9f
 1684 000d 70000000 		.4byte	.LVL16
 1685 0011 9A000000 		.4byte	.LVL21
 1686 0015 0300     		.2byte	0x3
 1687 0017 08       		.byte	0x8
 1688 0018 27       		.byte	0x27
 1689 0019 9F       		.byte	0x9f
 1690 001a 9A000000 		.4byte	.LVL21
 1691 001e AE000000 		.4byte	.LVL24
 1692 0022 0200     		.2byte	0x2
 1693 0024 30       		.byte	0x30
 1694 0025 9F       		.byte	0x9f
 1695 0026 AE010000 		.4byte	.LVL55
 1696 002a B8010000 		.4byte	.LVL56
ARM GAS  C:\Users\Martina\AppData\Local\Temp\ccmseuvz.s 			page 36


 1697 002e 0200     		.2byte	0x2
 1698 0030 30       		.byte	0x30
 1699 0031 9F       		.byte	0x9f
 1700 0032 B8010000 		.4byte	.LVL56
 1701 0036 C4010000 		.4byte	.LVL58
 1702 003a 0300     		.2byte	0x3
 1703 003c 08       		.byte	0x8
 1704 003d 40       		.byte	0x40
 1705 003e 9F       		.byte	0x9f
 1706 003f 00000000 		.4byte	0
 1707 0043 00000000 		.4byte	0
 1708              	.LLST1:
 1709 0047 2A000000 		.4byte	.LVL4
 1710 004b 32000000 		.4byte	.LVL5
 1711 004f 0100     		.2byte	0x1
 1712 0051 50       		.byte	0x50
 1713 0052 40000000 		.4byte	.LVL7
 1714 0056 42000000 		.4byte	.LVL8
 1715 005a 0100     		.2byte	0x1
 1716 005c 50       		.byte	0x50
 1717 005d 52000000 		.4byte	.LVL10
 1718 0061 5E000000 		.4byte	.LVL11
 1719 0065 0100     		.2byte	0x1
 1720 0067 50       		.byte	0x50
 1721 0068 6A000000 		.4byte	.LVL14
 1722 006c 6C000000 		.4byte	.LVL15
 1723 0070 0100     		.2byte	0x1
 1724 0072 50       		.byte	0x50
 1725 0073 86000000 		.4byte	.LVL18
 1726 0077 90000000 		.4byte	.LVL19
 1727 007b 0100     		.2byte	0x1
 1728 007d 50       		.byte	0x50
 1729 007e 8C010000 		.4byte	.LVL50
 1730 0082 9E010000 		.4byte	.LVL51
 1731 0086 0100     		.2byte	0x1
 1732 0088 50       		.byte	0x50
 1733 0089 00000000 		.4byte	0
 1734 008d 00000000 		.4byte	0
 1735              	.LLST2:
 1736 0091 F6000000 		.4byte	.LVL31
 1737 0095 FA000000 		.4byte	.LVL32
 1738 0099 0800     		.2byte	0x8
 1739 009b 70       		.byte	0x70
 1740 009c 00       		.sleb128 0
 1741 009d 38       		.byte	0x38
 1742 009e 24       		.byte	0x24
 1743 009f 73       		.byte	0x73
 1744 00a0 00       		.sleb128 0
 1745 00a1 21       		.byte	0x21
 1746 00a2 9F       		.byte	0x9f
 1747 00a3 FA000000 		.4byte	.LVL32
 1748 00a7 FD000000 		.4byte	.LVL33-1
 1749 00ab 0100     		.2byte	0x1
 1750 00ad 50       		.byte	0x50
 1751 00ae 00000000 		.4byte	0
 1752 00b2 00000000 		.4byte	0
 1753              	.LLST3:
ARM GAS  C:\Users\Martina\AppData\Local\Temp\ccmseuvz.s 			page 37


 1754 00b6 2E010000 		.4byte	.LVL38
 1755 00ba 34010000 		.4byte	.LVL39
 1756 00be 0800     		.2byte	0x8
 1757 00c0 70       		.byte	0x70
 1758 00c1 00       		.sleb128 0
 1759 00c2 38       		.byte	0x38
 1760 00c3 24       		.byte	0x24
 1761 00c4 73       		.byte	0x73
 1762 00c5 00       		.sleb128 0
 1763 00c6 21       		.byte	0x21
 1764 00c7 9F       		.byte	0x9f
 1765 00c8 34010000 		.4byte	.LVL39
 1766 00cc 37010000 		.4byte	.LVL40-1
 1767 00d0 0100     		.2byte	0x1
 1768 00d2 50       		.byte	0x50
 1769 00d3 00000000 		.4byte	0
 1770 00d7 00000000 		.4byte	0
 1771              	.LLST4:
 1772 00db 66010000 		.4byte	.LVL45
 1773 00df 6C010000 		.4byte	.LVL46
 1774 00e3 0800     		.2byte	0x8
 1775 00e5 70       		.byte	0x70
 1776 00e6 00       		.sleb128 0
 1777 00e7 38       		.byte	0x38
 1778 00e8 24       		.byte	0x24
 1779 00e9 73       		.byte	0x73
 1780 00ea 00       		.sleb128 0
 1781 00eb 21       		.byte	0x21
 1782 00ec 9F       		.byte	0x9f
 1783 00ed 6C010000 		.4byte	.LVL46
 1784 00f1 6F010000 		.4byte	.LVL47-1
 1785 00f5 0100     		.2byte	0x1
 1786 00f7 50       		.byte	0x50
 1787 00f8 00000000 		.4byte	0
 1788 00fc 00000000 		.4byte	0
 1789              	.LLST5:
 1790 0100 AE000000 		.4byte	.LVL24
 1791 0104 C8000000 		.4byte	.LVL26
 1792 0108 0100     		.2byte	0x1
 1793 010a 54       		.byte	0x54
 1794 010b AE010000 		.4byte	.LVL55
 1795 010f C4010000 		.4byte	.LVL58
 1796 0113 0200     		.2byte	0x2
 1797 0115 31       		.byte	0x31
 1798 0116 9F       		.byte	0x9f
 1799 0117 C4010000 		.4byte	.LVL58
 1800 011b C8010000 		.4byte	.LVL59
 1801 011f 0100     		.2byte	0x1
 1802 0121 54       		.byte	0x54
 1803 0122 C8010000 		.4byte	.LVL59
 1804 0126 30020000 		.4byte	.LVL69
 1805 012a 0200     		.2byte	0x2
 1806 012c 30       		.byte	0x30
 1807 012d 9F       		.byte	0x9f
 1808 012e 30020000 		.4byte	.LVL69
 1809 0132 60020000 		.4byte	.LFE64
 1810 0136 0100     		.2byte	0x1
ARM GAS  C:\Users\Martina\AppData\Local\Temp\ccmseuvz.s 			page 38


 1811 0138 54       		.byte	0x54
 1812 0139 00000000 		.4byte	0
 1813 013d 00000000 		.4byte	0
 1814              	.LLST6:
 1815 0141 D4000000 		.4byte	.LVL27
 1816 0145 D8000000 		.4byte	.LVL28
 1817 0149 0200     		.2byte	0x2
 1818 014b 30       		.byte	0x30
 1819 014c 9F       		.byte	0x9f
 1820 014d D8000000 		.4byte	.LVL28
 1821 0151 C4010000 		.4byte	.LVL58
 1822 0155 0100     		.2byte	0x1
 1823 0157 54       		.byte	0x54
 1824 0158 00000000 		.4byte	0
 1825 015c 00000000 		.4byte	0
 1826              	.LLST7:
 1827 0160 DE010000 		.4byte	.LVL60
 1828 0164 E2010000 		.4byte	.LVL61
 1829 0168 0200     		.2byte	0x2
 1830 016a 30       		.byte	0x30
 1831 016b 9F       		.byte	0x9f
 1832 016c E2010000 		.4byte	.LVL61
 1833 0170 30020000 		.4byte	.LVL69
 1834 0174 0100     		.2byte	0x1
 1835 0176 54       		.byte	0x54
 1836 0177 00000000 		.4byte	0
 1837 017b 00000000 		.4byte	0
 1838              		.section	.debug_aranges,"",%progbits
 1839 0000 1C000000 		.4byte	0x1c
 1840 0004 0200     		.2byte	0x2
 1841 0006 00000000 		.4byte	.Ldebug_info0
 1842 000a 04       		.byte	0x4
 1843 000b 00       		.byte	0
 1844 000c 0000     		.2byte	0
 1845 000e 0000     		.2byte	0
 1846 0010 00000000 		.4byte	.LFB64
 1847 0014 60020000 		.4byte	.LFE64-.LFB64
 1848 0018 00000000 		.4byte	0
 1849 001c 00000000 		.4byte	0
 1850              		.section	.debug_ranges,"",%progbits
 1851              	.Ldebug_ranges0:
 1852 0000 00000000 		.4byte	.LFB64
 1853 0004 60020000 		.4byte	.LFE64
 1854 0008 00000000 		.4byte	0
 1855 000c 00000000 		.4byte	0
 1856              		.section	.debug_line,"",%progbits
 1857              	.Ldebug_line0:
 1858 0000 8F020000 		.section	.debug_str,"MS",%progbits,1
 1858      0200FA01 
 1858      00000201 
 1858      FB0E0D00 
 1858      01010101 
 1859              	.LASF21:
 1860 0000 6D657373 		.ascii	"message\000"
 1860      61676500 
 1861              	.LASF40:
 1862 0008 666C6167 		.ascii	"flag_dati\000"
ARM GAS  C:\Users\Martina\AppData\Local\Temp\ccmseuvz.s 			page 39


 1862      5F646174 
 1862      6900
 1863              	.LASF46:
 1864 0012 55415254 		.ascii	"UART_1_Start\000"
 1864      5F315F53 
 1864      74617274 
 1864      00
 1865              	.LASF4:
 1866 001f 5F5F7569 		.ascii	"__uint8_t\000"
 1866      6E74385F 
 1866      7400
 1867              	.LASF27:
 1868 0029 6F75745F 		.ascii	"out_x\000"
 1868      7800
 1869              	.LASF29:
 1870 002f 6F75745F 		.ascii	"out_y\000"
 1870      7900
 1871              	.LASF33:
 1872 0035 6F75745F 		.ascii	"out_z\000"
 1872      7A00
 1873              	.LASF5:
 1874 003b 5F5F696E 		.ascii	"__int32_t\000"
 1874      7433325F 
 1874      7400
 1875              	.LASF6:
 1876 0045 6C6F6E67 		.ascii	"long int\000"
 1876      20696E74 
 1876      00
 1877              	.LASF37:
 1878 004e 6F766572 		.ascii	"overrun\000"
 1878      72756E00 
 1879              	.LASF20:
 1880 0056 4572726F 		.ascii	"ErrorCode\000"
 1880      72436F64 
 1880      6500
 1881              	.LASF24:
 1882 0060 63686563 		.ascii	"check\000"
 1882      6B00
 1883              	.LASF16:
 1884 0066 666C6F61 		.ascii	"float\000"
 1884      7400
 1885              	.LASF25:
 1886 006c 72656731 		.ascii	"reg1\000"
 1886      00
 1887              	.LASF1:
 1888 0071 756E7369 		.ascii	"unsigned char\000"
 1888      676E6564 
 1888      20636861 
 1888      7200
 1889              	.LASF48:
 1890 007f 474E5520 		.ascii	"GNU C11 5.4.1 20160609 (release) [ARM/embedded-5-br"
 1890      43313120 
 1890      352E342E 
 1890      31203230 
 1890      31363036 
 1891 00b2 616E6368 		.ascii	"anch revision 237715] -mcpu=cortex-m3 -mthumb -g -O"
 1891      20726576 
ARM GAS  C:\Users\Martina\AppData\Local\Temp\ccmseuvz.s 			page 40


 1891      6973696F 
 1891      6E203233 
 1891      37373135 
 1892 00e5 67202D66 		.ascii	"g -ffunction-sections -ffat-lto-objects\000"
 1892      66756E63 
 1892      74696F6E 
 1892      2D736563 
 1892      74696F6E 
 1893              	.LASF28:
 1894 010d 795F6461 		.ascii	"y_data\000"
 1894      746100
 1895              	.LASF7:
 1896 0114 6C6F6E67 		.ascii	"long unsigned int\000"
 1896      20756E73 
 1896      69676E65 
 1896      6420696E 
 1896      7400
 1897              	.LASF3:
 1898 0126 73686F72 		.ascii	"short unsigned int\000"
 1898      7420756E 
 1898      7369676E 
 1898      65642069 
 1898      6E7400
 1899              	.LASF47:
 1900 0139 4932435F 		.ascii	"I2C_Peripheral_WriteRegister\000"
 1900      50657269 
 1900      70686572 
 1900      616C5F57 
 1900      72697465 
 1901              	.LASF52:
 1902 0156 49544D5F 		.ascii	"ITM_RxBuffer\000"
 1902      52784275 
 1902      66666572 
 1902      00
 1903              	.LASF17:
 1904 0163 646F7562 		.ascii	"double\000"
 1904      6C6500
 1905              	.LASF26:
 1906 016a 785F6461 		.ascii	"x_data\000"
 1906      746100
 1907              	.LASF22:
 1908 0171 636F6E74 		.ascii	"control_reg\000"
 1908      726F6C5F 
 1908      72656700 
 1909              	.LASF38:
 1910 017d 61636365 		.ascii	"accelerazioni\000"
 1910      6C657261 
 1910      7A696F6E 
 1910      6900
 1911              	.LASF51:
 1912 018b 6D61696E 		.ascii	"main\000"
 1912      00
 1913              	.LASF10:
 1914 0190 756E7369 		.ascii	"unsigned int\000"
 1914      676E6564 
 1914      20696E74 
 1914      00
ARM GAS  C:\Users\Martina\AppData\Local\Temp\ccmseuvz.s 			page 41


 1915              	.LASF35:
 1916 019d 61646472 		.ascii	"address\000"
 1916      65737300 
 1917              	.LASF9:
 1918 01a5 6C6F6E67 		.ascii	"long long unsigned int\000"
 1918      206C6F6E 
 1918      6720756E 
 1918      7369676E 
 1918      65642069 
 1919              	.LASF14:
 1920 01bc 75696E74 		.ascii	"uint8_t\000"
 1920      385F7400 
 1921              	.LASF39:
 1922 01c4 72656D61 		.ascii	"remain\000"
 1922      696E00
 1923              	.LASF50:
 1924 01cb 433A5C55 		.ascii	"C:\\Users\\Martina\\Documents\\Ing.Biomedica Magist"
 1924      73657273 
 1924      5C4D6172 
 1924      74696E61 
 1924      5C446F63 
 1925 01fa 72616C65 		.ascii	"rale\\2 ANNO\\Lab biosensori\\PROGETTO\\Repository_"
 1925      5C322041 
 1925      4E4E4F5C 
 1925      4C616220 
 1925      62696F73 
 1926 0229 70726F67 		.ascii	"progetto\\LTEBS-PROJECT-RR\\RR\\ACC_FIFO_for96.cyds"
 1926      6574746F 
 1926      5C4C5445 
 1926      42532D50 
 1926      524F4A45 
 1927 0259 6E00     		.ascii	"n\000"
 1928              	.LASF15:
 1929 025b 696E7433 		.ascii	"int32_t\000"
 1929      325F7400 
 1930              	.LASF32:
 1931 0263 7A5F6461 		.ascii	"z_data\000"
 1931      746100
 1932              	.LASF36:
 1933 026a 6C69735F 		.ascii	"lis_data\000"
 1933      64617461 
 1933      00
 1934              	.LASF23:
 1935 0273 6572726F 		.ascii	"error\000"
 1935      7200
 1936              	.LASF8:
 1937 0279 6C6F6E67 		.ascii	"long long int\000"
 1937      206C6F6E 
 1937      6720696E 
 1937      7400
 1938              	.LASF12:
 1939 0287 73697A65 		.ascii	"sizetype\000"
 1939      74797065 
 1939      00
 1940              	.LASF49:
 1941 0290 6D61696E 		.ascii	"main.c\000"
 1941      2E6300
ARM GAS  C:\Users\Martina\AppData\Local\Temp\ccmseuvz.s 			page 42


 1942              	.LASF13:
 1943 0297 63686172 		.ascii	"char\000"
 1943      00
 1944              	.LASF41:
 1945 029c 4932435F 		.ascii	"I2C_Peripheral_ReadRegister\000"
 1945      50657269 
 1945      70686572 
 1945      616C5F52 
 1945      65616452 
 1946              	.LASF30:
 1947 02b8 64617461 		.ascii	"data_x\000"
 1947      5F7800
 1948              	.LASF31:
 1949 02bf 64617461 		.ascii	"data_y\000"
 1949      5F7900
 1950              	.LASF34:
 1951 02c6 64617461 		.ascii	"data_z\000"
 1951      5F7A00
 1952              	.LASF2:
 1953 02cd 73686F72 		.ascii	"short int\000"
 1953      7420696E 
 1953      7400
 1954              	.LASF18:
 1955 02d7 4E4F5F45 		.ascii	"NO_ERROR\000"
 1955      52524F52 
 1955      00
 1956              	.LASF19:
 1957 02e0 4552524F 		.ascii	"ERROR\000"
 1957      5200
 1958              	.LASF11:
 1959 02e6 6C6F6E67 		.ascii	"long double\000"
 1959      20646F75 
 1959      626C6500 
 1960              	.LASF0:
 1961 02f2 7369676E 		.ascii	"signed char\000"
 1961      65642063 
 1961      68617200 
 1962              	.LASF43:
 1963 02fe 55415254 		.ascii	"UART_1_PutString\000"
 1963      5F315F50 
 1963      75745374 
 1963      72696E67 
 1963      00
 1964              	.LASF42:
 1965 030f 73707269 		.ascii	"sprintf\000"
 1965      6E746600 
 1966              	.LASF44:
 1967 0317 43794465 		.ascii	"CyDelay\000"
 1967      6C617900 
 1968              	.LASF45:
 1969 031f 4932435F 		.ascii	"I2C_Peripheral_Start\000"
 1969      50657269 
 1969      70686572 
 1969      616C5F53 
 1969      74617274 
 1970              		.ident	"GCC: (GNU Tools for ARM Embedded Processors) 5.4.1 20160609 (release) [ARM/embedded-5-bran
