ARM GAS  C:\Users\Gaia Di Federico\AppData\Local\Temp\cc7hIRHj.s 			page 1


   1              		.syntax unified
   2              		.cpu cortex-m3
   3              		.fpu softvfp
   4              		.eabi_attribute 20, 1
   5              		.eabi_attribute 21, 1
   6              		.eabi_attribute 23, 3
   7              		.eabi_attribute 24, 1
   8              		.eabi_attribute 25, 1
   9              		.eabi_attribute 26, 1
  10              		.eabi_attribute 30, 1
  11              		.eabi_attribute 34, 1
  12              		.eabi_attribute 18, 4
  13              		.thumb
  14              		.syntax unified
  15              		.file	"cymetadata.c"
  16              		.text
  17              	.Ltext0:
  18              		.cfi_sections	.debug_frame
  19              		.global	cy_metadata
  20              		.global	cy_meta_flashprotect
  21              		.global	cy_meta_wonvl
  22              		.global	cy_meta_custnvl
  23              		.global	cy_meta_configecc
  24              		.section	.cyconfigecc,"a",%progbits
  25              		.align	2
  26              		.type	cy_meta_configecc, %object
  27              		.size	cy_meta_configecc, 928
  28              	cy_meta_configecc:
  29 0000 03       		.byte	3
  30 0001 65       		.byte	101
  31 0002 00       		.byte	0
  32 0003 40       		.byte	64
  33 0004 01       		.byte	1
  34 0005 05       		.byte	5
  35 0006 01       		.byte	1
  36 0007 40       		.byte	64
  37 0008 01       		.byte	1
  38 0009 0B       		.byte	11
  39 000a 01       		.byte	1
  40 000b 40       		.byte	64
  41 000c 03       		.byte	3
  42 000d 15       		.byte	21
  43 000e 01       		.byte	1
  44 000f 40       		.byte	64
  45 0010 01       		.byte	1
  46 0011 17       		.byte	23
  47 0012 01       		.byte	1
  48 0013 40       		.byte	64
  49 0014 14       		.byte	20
  50 0015 18       		.byte	24
  51 0016 01       		.byte	1
  52 0017 40       		.byte	64
  53 0018 3E       		.byte	62
  54 0019 19       		.byte	25
  55 001a 01       		.byte	1
  56 001b 40       		.byte	64
  57 001c 70       		.byte	112
ARM GAS  C:\Users\Gaia Di Federico\AppData\Local\Temp\cc7hIRHj.s 			page 2


  58 001d 1A       		.byte	26
  59 001e 01       		.byte	1
  60 001f 40       		.byte	64
  61 0020 52       		.byte	82
  62 0021 1B       		.byte	27
  63 0022 01       		.byte	1
  64 0023 40       		.byte	64
  65 0024 02       		.byte	2
  66 0025 40       		.byte	64
  67 0026 01       		.byte	1
  68 0027 40       		.byte	64
  69 0028 01       		.byte	1
  70 0029 41       		.byte	65
  71 002a 01       		.byte	1
  72 002b 40       		.byte	64
  73 002c 04       		.byte	4
  74 002d 42       		.byte	66
  75 002e 01       		.byte	1
  76 002f 40       		.byte	64
  77 0030 01       		.byte	1
  78 0031 43       		.byte	67
  79 0032 01       		.byte	1
  80 0033 40       		.byte	64
  81 0034 02       		.byte	2
  82 0035 45       		.byte	69
  83 0036 01       		.byte	1
  84 0037 40       		.byte	64
  85 0038 01       		.byte	1
  86 0039 46       		.byte	70
  87 003a 01       		.byte	1
  88 003b 40       		.byte	64
  89 003c 02       		.byte	2
  90 003d 48       		.byte	72
  91 003e 01       		.byte	1
  92 003f 40       		.byte	64
  93 0040 10       		.byte	16
  94 0041 49       		.byte	73
  95 0042 01       		.byte	1
  96 0043 40       		.byte	64
  97 0044 09       		.byte	9
  98 0045 4C       		.byte	76
  99 0046 01       		.byte	1
 100 0047 40       		.byte	64
 101 0048 0C       		.byte	12
 102 0049 4D       		.byte	77
 103 004a 01       		.byte	1
 104 004b 40       		.byte	64
 105 004c 02       		.byte	2
 106 004d 50       		.byte	80
 107 004e 01       		.byte	1
 108 004f 40       		.byte	64
 109 0050 02       		.byte	2
 110 0051 51       		.byte	81
 111 0052 01       		.byte	1
 112 0053 40       		.byte	64
 113 0054 88       		.byte	-120
 114 0055 72       		.byte	114
ARM GAS  C:\Users\Gaia Di Federico\AppData\Local\Temp\cc7hIRHj.s 			page 3


 115 0056 89       		.byte	-119
 116 0057 38       		.byte	56
 117 0058 8B       		.byte	-117
 118 0059 0F       		.byte	15
 119 005a EE       		.byte	-18
 120 005b 08       		.byte	8
 121 005c EE       		.byte	-18
 122 005d 08       		.byte	8
 123 005e E0       		.byte	-32
 124 005f 08       		.byte	8
 125 0060 E4       		.byte	-28
 126 0061 01       		.byte	1
 127 0062 EA       		.byte	-22
 128 0063 05       		.byte	5
 129 0064 E2       		.byte	-30
 130 0065 20       		.byte	32
 131 0066 86       		.byte	-122
 132 0067 04       		.byte	4
 133 0068 8A       		.byte	-118
 134 0069 02       		.byte	2
 135 006a 92       		.byte	-110
 136 006b 04       		.byte	4
 137 006c 9A       		.byte	-102
 138 006d 02       		.byte	2
 139 006e A4       		.byte	-92
 140 006f 01       		.byte	1
 141 0070 A8       		.byte	-88
 142 0071 01       		.byte	1
 143 0072 A9       		.byte	-87
 144 0073 01       		.byte	1
 145 0074 AC       		.byte	-84
 146 0075 01       		.byte	1
 147 0076 B0       		.byte	-80
 148 0077 02       		.byte	2
 149 0078 B2       		.byte	-78
 150 0079 04       		.byte	4
 151 007a B5       		.byte	-75
 152 007b 01       		.byte	1
 153 007c B6       		.byte	-74
 154 007d 01       		.byte	1
 155 007e BB       		.byte	-69
 156 007f 02       		.byte	2
 157 0080 BE       		.byte	-66
 158 0081 05       		.byte	5
 159 0082 BF       		.byte	-65
 160 0083 10       		.byte	16
 161 0084 D4       		.byte	-44
 162 0085 18       		.byte	24
 163 0086 D8       		.byte	-40
 164 0087 04       		.byte	4
 165 0088 D9       		.byte	-39
 166 0089 04       		.byte	4
 167 008a DB       		.byte	-37
 168 008b 04       		.byte	4
 169 008c DF       		.byte	-33
 170 008d 01       		.byte	1
 171 008e 00       		.byte	0
ARM GAS  C:\Users\Gaia Di Federico\AppData\Local\Temp\cc7hIRHj.s 			page 4


 172 008f 10       		.byte	16
 173 0090 03       		.byte	3
 174 0091 20       		.byte	32
 175 0092 04       		.byte	4
 176 0093 80       		.byte	-128
 177 0094 05       		.byte	5
 178 0095 0C       		.byte	12
 179 0096 06       		.byte	6
 180 0097 80       		.byte	-128
 181 0098 07       		.byte	7
 182 0099 04       		.byte	4
 183 009a 09       		.byte	9
 184 009b 01       		.byte	1
 185 009c 0B       		.byte	11
 186 009d 04       		.byte	4
 187 009e 0D       		.byte	13
 188 009f 20       		.byte	32
 189 00a0 0E       		.byte	14
 190 00a1 61       		.byte	97
 191 00a2 10       		.byte	16
 192 00a3 22       		.byte	34
 193 00a4 11       		.byte	17
 194 00a5 10       		.byte	16
 195 00a6 15       		.byte	21
 196 00a7 46       		.byte	70
 197 00a8 17       		.byte	23
 198 00a9 28       		.byte	40
 199 00aa 1A       		.byte	26
 200 00ab 01       		.byte	1
 201 00ac 1B       		.byte	27
 202 00ad 45       		.byte	69
 203 00ae 1C       		.byte	28
 204 00af 04       		.byte	4
 205 00b0 1D       		.byte	29
 206 00b1 0D       		.byte	13
 207 00b2 1E       		.byte	30
 208 00b3 42       		.byte	66
 209 00b4 1F       		.byte	31
 210 00b5 08       		.byte	8
 211 00b6 21       		.byte	33
 212 00b7 03       		.byte	3
 213 00b8 22       		.byte	34
 214 00b9 10       		.byte	16
 215 00ba 23       		.byte	35
 216 00bb 40       		.byte	64
 217 00bc 24       		.byte	36
 218 00bd 10       		.byte	16
 219 00be 25       		.byte	37
 220 00bf 01       		.byte	1
 221 00c0 26       		.byte	38
 222 00c1 28       		.byte	40
 223 00c2 27       		.byte	39
 224 00c3 04       		.byte	4
 225 00c4 29       		.byte	41
 226 00c5 20       		.byte	32
 227 00c6 2D       		.byte	45
 228 00c7 C8       		.byte	-56
ARM GAS  C:\Users\Gaia Di Federico\AppData\Local\Temp\cc7hIRHj.s 			page 5


 229 00c8 2E       		.byte	46
 230 00c9 01       		.byte	1
 231 00ca 2F       		.byte	47
 232 00cb 04       		.byte	4
 233 00cc 35       		.byte	53
 234 00cd 01       		.byte	1
 235 00ce 37       		.byte	55
 236 00cf 14       		.byte	20
 237 00d0 3D       		.byte	61
 238 00d1 04       		.byte	4
 239 00d2 3E       		.byte	62
 240 00d3 20       		.byte	32
 241 00d4 3F       		.byte	63
 242 00d5 40       		.byte	64
 243 00d6 45       		.byte	69
 244 00d7 0A       		.byte	10
 245 00d8 47       		.byte	71
 246 00d9 40       		.byte	64
 247 00da 4E       		.byte	78
 248 00db 0A       		.byte	10
 249 00dc 4F       		.byte	79
 250 00dd 84       		.byte	-124
 251 00de 57       		.byte	87
 252 00df 20       		.byte	32
 253 00e0 5B       		.byte	91
 254 00e1 01       		.byte	1
 255 00e2 5E       		.byte	94
 256 00e3 02       		.byte	2
 257 00e4 63       		.byte	99
 258 00e5 0A       		.byte	10
 259 00e6 6C       		.byte	108
 260 00e7 22       		.byte	34
 261 00e8 6D       		.byte	109
 262 00e9 10       		.byte	16
 263 00ea 75       		.byte	117
 264 00eb 80       		.byte	-128
 265 00ec 76       		.byte	118
 266 00ed 20       		.byte	32
 267 00ee 77       		.byte	119
 268 00ef 28       		.byte	40
 269 00f0 82       		.byte	-126
 270 00f1 10       		.byte	16
 271 00f2 C0       		.byte	-64
 272 00f3 F6       		.byte	-10
 273 00f4 C2       		.byte	-62
 274 00f5 FA       		.byte	-6
 275 00f6 C4       		.byte	-60
 276 00f7 F7       		.byte	-9
 277 00f8 CA       		.byte	-54
 278 00f9 F4       		.byte	-12
 279 00fa CC       		.byte	-52
 280 00fb E0       		.byte	-32
 281 00fc CE       		.byte	-50
 282 00fd 70       		.byte	112
 283 00fe D0       		.byte	-48
 284 00ff D0       		.byte	-48
 285 0100 D2       		.byte	-46
ARM GAS  C:\Users\Gaia Di Federico\AppData\Local\Temp\cc7hIRHj.s 			page 6


 286 0101 30       		.byte	48
 287 0102 D6       		.byte	-42
 288 0103 81       		.byte	-127
 289 0104 D8       		.byte	-40
 290 0105 0C       		.byte	12
 291 0106 E2       		.byte	-30
 292 0107 20       		.byte	32
 293 0108 E4       		.byte	-28
 294 0109 04       		.byte	4
 295 010a 00       		.byte	0
 296 010b 10       		.byte	16
 297 010c 02       		.byte	2
 298 010d 40       		.byte	64
 299 010e 04       		.byte	4
 300 010f 10       		.byte	16
 301 0110 06       		.byte	6
 302 0111 AC       		.byte	-84
 303 0112 09       		.byte	9
 304 0113 80       		.byte	-128
 305 0114 0A       		.byte	10
 306 0115 03       		.byte	3
 307 0116 0B       		.byte	11
 308 0117 13       		.byte	19
 309 0118 0C       		.byte	12
 310 0119 0C       		.byte	12
 311 011a 0E       		.byte	14
 312 011b 71       		.byte	113
 313 011c 13       		.byte	19
 314 011d 0C       		.byte	12
 315 011e 14       		.byte	20
 316 011f 14       		.byte	20
 317 0120 15       		.byte	21
 318 0121 2C       		.byte	44
 319 0122 17       		.byte	23
 320 0123 43       		.byte	67
 321 0124 1C       		.byte	28
 322 0125 09       		.byte	9
 323 0126 1E       		.byte	30
 324 0127 D0       		.byte	-48
 325 0128 1F       		.byte	31
 326 0129 08       		.byte	8
 327 012a 21       		.byte	33
 328 012b 71       		.byte	113
 329 012c 23       		.byte	35
 330 012d 0E       		.byte	14
 331 012e 25       		.byte	37
 332 012f 71       		.byte	113
 333 0130 26       		.byte	38
 334 0131 20       		.byte	32
 335 0132 27       		.byte	39
 336 0133 06       		.byte	6
 337 0134 28       		.byte	40
 338 0135 DC       		.byte	-36
 339 0136 2A       		.byte	42
 340 0137 22       		.byte	34
 341 0138 30       		.byte	48
 342 0139 E0       		.byte	-32
ARM GAS  C:\Users\Gaia Di Federico\AppData\Local\Temp\cc7hIRHj.s 			page 7


 343 013a 31       		.byte	49
 344 013b C0       		.byte	-64
 345 013c 33       		.byte	51
 346 013d 0F       		.byte	15
 347 013e 34       		.byte	52
 348 013f 1F       		.byte	31
 349 0140 35       		.byte	53
 350 0141 30       		.byte	48
 351 0142 39       		.byte	57
 352 0143 22       		.byte	34
 353 0144 3A       		.byte	58
 354 0145 02       		.byte	2
 355 0146 3B       		.byte	59
 356 0147 08       		.byte	8
 357 0148 3F       		.byte	63
 358 0149 10       		.byte	16
 359 014a 40       		.byte	64
 360 014b 02       		.byte	2
 361 014c 45       		.byte	69
 362 014d 40       		.byte	64
 363 014e 49       		.byte	73
 364 014f FF       		.byte	-1
 365 0150 4A       		.byte	74
 366 0151 07       		.byte	7
 367 0152 4B       		.byte	75
 368 0153 FF       		.byte	-1
 369 0154 4C       		.byte	76
 370 0155 40       		.byte	64
 371 0156 4D       		.byte	77
 372 0157 20       		.byte	32
 373 0158 4E       		.byte	78
 374 0159 F0       		.byte	-16
 375 015a 4F       		.byte	79
 376 015b 05       		.byte	5
 377 015c 50       		.byte	80
 378 015d 08       		.byte	8
 379 015e 58       		.byte	88
 380 015f 04       		.byte	4
 381 0160 59       		.byte	89
 382 0161 04       		.byte	4
 383 0162 5A       		.byte	90
 384 0163 04       		.byte	4
 385 0164 5F       		.byte	95
 386 0165 01       		.byte	1
 387 0166 60       		.byte	96
 388 0167 40       		.byte	64
 389 0168 61       		.byte	97
 390 0169 A8       		.byte	-88
 391 016a 62       		.byte	98
 392 016b 40       		.byte	64
 393 016c 63       		.byte	99
 394 016d 20       		.byte	32
 395 016e 80       		.byte	-128
 396 016f 13       		.byte	19
 397 0170 81       		.byte	-127
 398 0171 11       		.byte	17
 399 0172 82       		.byte	-126
ARM GAS  C:\Users\Gaia Di Federico\AppData\Local\Temp\cc7hIRHj.s 			page 8


 400 0173 04       		.byte	4
 401 0174 83       		.byte	-125
 402 0175 68       		.byte	104
 403 0176 84       		.byte	-124
 404 0177 13       		.byte	19
 405 0178 85       		.byte	-123
 406 0179 03       		.byte	3
 407 017a 86       		.byte	-122
 408 017b 0C       		.byte	12
 409 017c 87       		.byte	-121
 410 017d 04       		.byte	4
 411 017e 88       		.byte	-120
 412 017f 80       		.byte	-128
 413 0180 89       		.byte	-119
 414 0181 30       		.byte	48
 415 0182 8A       		.byte	-118
 416 0183 20       		.byte	32
 417 0184 8C       		.byte	-116
 418 0185 40       		.byte	64
 419 0186 8D       		.byte	-115
 420 0187 03       		.byte	3
 421 0188 8E       		.byte	-114
 422 0189 20       		.byte	32
 423 018a 90       		.byte	-112
 424 018b 20       		.byte	32
 425 018c 92       		.byte	-110
 426 018d C0       		.byte	-64
 427 018e 93       		.byte	-109
 428 018f 03       		.byte	3
 429 0190 94       		.byte	-108
 430 0191 0A       		.byte	10
 431 0192 95       		.byte	-107
 432 0193 22       		.byte	34
 433 0194 96       		.byte	-106
 434 0195 14       		.byte	20
 435 0196 97       		.byte	-105
 436 0197 18       		.byte	24
 437 0198 98       		.byte	-104
 438 0199 E0       		.byte	-32
 439 019a 9B       		.byte	-101
 440 019b 03       		.byte	3
 441 019c 9C       		.byte	-100
 442 019d 03       		.byte	3
 443 019e 9E       		.byte	-98
 444 019f 14       		.byte	20
 445 01a0 A2       		.byte	-94
 446 01a1 08       		.byte	8
 447 01a2 A5       		.byte	-91
 448 01a3 30       		.byte	48
 449 01a4 A6       		.byte	-90
 450 01a5 15       		.byte	21
 451 01a6 A8       		.byte	-88
 452 01a7 E0       		.byte	-32
 453 01a8 A9       		.byte	-87
 454 01a9 03       		.byte	3
 455 01aa AF       		.byte	-81
 456 01ab 03       		.byte	3
ARM GAS  C:\Users\Gaia Di Federico\AppData\Local\Temp\cc7hIRHj.s 			page 9


 457 01ac B0       		.byte	-80
 458 01ad 10       		.byte	16
 459 01ae B1       		.byte	-79
 460 01af 0C       		.byte	12
 461 01b0 B2       		.byte	-78
 462 01b1 0F       		.byte	15
 463 01b2 B3       		.byte	-77
 464 01b3 40       		.byte	64
 465 01b4 B4       		.byte	-76
 466 01b5 E0       		.byte	-32
 467 01b6 B5       		.byte	-75
 468 01b7 30       		.byte	48
 469 01b8 B7       		.byte	-73
 470 01b9 03       		.byte	3
 471 01ba BA       		.byte	-70
 472 01bb 08       		.byte	8
 473 01bc BE       		.byte	-66
 474 01bd 01       		.byte	1
 475 01be BF       		.byte	-65
 476 01bf 01       		.byte	1
 477 01c0 C0       		.byte	-64
 478 01c1 23       		.byte	35
 479 01c2 C1       		.byte	-63
 480 01c3 01       		.byte	1
 481 01c4 C5       		.byte	-59
 482 01c5 0B       		.byte	11
 483 01c6 C6       		.byte	-58
 484 01c7 0E       		.byte	14
 485 01c8 C7       		.byte	-57
 486 01c9 C0       		.byte	-64
 487 01ca C8       		.byte	-56
 488 01cb 25       		.byte	37
 489 01cc C9       		.byte	-55
 490 01cd FF       		.byte	-1
 491 01ce CA       		.byte	-54
 492 01cf FF       		.byte	-1
 493 01d0 CB       		.byte	-53
 494 01d1 FF       		.byte	-1
 495 01d2 CE       		.byte	-50
 496 01d3 F0       		.byte	-16
 497 01d4 CF       		.byte	-49
 498 01d5 44       		.byte	68
 499 01d6 D0       		.byte	-48
 500 01d7 0C       		.byte	12
 501 01d8 D4       		.byte	-44
 502 01d9 01       		.byte	1
 503 01da D8       		.byte	-40
 504 01db 04       		.byte	4
 505 01dc D9       		.byte	-39
 506 01dd 04       		.byte	4
 507 01de DA       		.byte	-38
 508 01df 04       		.byte	4
 509 01e0 DB       		.byte	-37
 510 01e1 04       		.byte	4
 511 01e2 DF       		.byte	-33
 512 01e3 01       		.byte	1
 513 01e4 E6       		.byte	-26
ARM GAS  C:\Users\Gaia Di Federico\AppData\Local\Temp\cc7hIRHj.s 			page 10


 514 01e5 C0       		.byte	-64
 515 01e6 EA       		.byte	-22
 516 01e7 40       		.byte	64
 517 01e8 EB       		.byte	-21
 518 01e9 02       		.byte	2
 519 01ea 01       		.byte	1
 520 01eb 22       		.byte	34
 521 01ec 02       		.byte	2
 522 01ed 01       		.byte	1
 523 01ee 03       		.byte	3
 524 01ef 20       		.byte	32
 525 01f0 05       		.byte	5
 526 01f1 05       		.byte	5
 527 01f2 06       		.byte	6
 528 01f3 02       		.byte	2
 529 01f4 07       		.byte	7
 530 01f5 08       		.byte	8
 531 01f6 0A       		.byte	10
 532 01f7 22       		.byte	34
 533 01f8 0C       		.byte	12
 534 01f9 20       		.byte	32
 535 01fa 0D       		.byte	13
 536 01fb 4A       		.byte	74
 537 01fc 0F       		.byte	15
 538 01fd 02       		.byte	2
 539 01fe 12       		.byte	18
 540 01ff 10       		.byte	16
 541 0200 13       		.byte	19
 542 0201 20       		.byte	32
 543 0202 15       		.byte	21
 544 0203 12       		.byte	18
 545 0204 16       		.byte	22
 546 0205 10       		.byte	16
 547 0206 19       		.byte	25
 548 0207 21       		.byte	33
 549 0208 1C       		.byte	28
 550 0209 40       		.byte	64
 551 020a 1D       		.byte	29
 552 020b 04       		.byte	4
 553 020c 1E       		.byte	30
 554 020d 04       		.byte	4
 555 020e 21       		.byte	33
 556 020f 19       		.byte	25
 557 0210 22       		.byte	34
 558 0211 01       		.byte	1
 559 0212 23       		.byte	35
 560 0213 20       		.byte	32
 561 0214 25       		.byte	37
 562 0215 20       		.byte	32
 563 0216 27       		.byte	39
 564 0217 59       		.byte	89
 565 0218 28       		.byte	40
 566 0219 02       		.byte	2
 567 021a 29       		.byte	41
 568 021b 05       		.byte	5
 569 021c 2A       		.byte	42
 570 021d 85       		.byte	-123
ARM GAS  C:\Users\Gaia Di Federico\AppData\Local\Temp\cc7hIRHj.s 			page 11


 571 021e 2B       		.byte	43
 572 021f 20       		.byte	32
 573 0220 2C       		.byte	44
 574 0221 20       		.byte	32
 575 0222 2E       		.byte	46
 576 0223 40       		.byte	64
 577 0224 2F       		.byte	47
 578 0225 08       		.byte	8
 579 0226 30       		.byte	48
 580 0227 80       		.byte	-128
 581 0228 31       		.byte	49
 582 0229 08       		.byte	8
 583 022a 32       		.byte	50
 584 022b 01       		.byte	1
 585 022c 36       		.byte	54
 586 022d 22       		.byte	34
 587 022e 37       		.byte	55
 588 022f 08       		.byte	8
 589 0230 38       		.byte	56
 590 0231 20       		.byte	32
 591 0232 3D       		.byte	61
 592 0233 10       		.byte	16
 593 0234 3E       		.byte	62
 594 0235 06       		.byte	6
 595 0236 3F       		.byte	63
 596 0237 40       		.byte	64
 597 0238 41       		.byte	65
 598 0239 10       		.byte	16
 599 023a 46       		.byte	70
 600 023b 15       		.byte	21
 601 023c 48       		.byte	72
 602 023d 80       		.byte	-128
 603 023e 49       		.byte	73
 604 023f 02       		.byte	2
 605 0240 4E       		.byte	78
 606 0241 10       		.byte	16
 607 0242 50       		.byte	80
 608 0243 10       		.byte	16
 609 0244 52       		.byte	82
 610 0245 10       		.byte	16
 611 0246 56       		.byte	86
 612 0247 80       		.byte	-128
 613 0248 57       		.byte	87
 614 0249 01       		.byte	1
 615 024a 5C       		.byte	92
 616 024b 46       		.byte	70
 617 024c 5E       		.byte	94
 618 024d 10       		.byte	16
 619 024e 81       		.byte	-127
 620 024f 40       		.byte	64
 621 0250 82       		.byte	-126
 622 0251 10       		.byte	16
 623 0252 89       		.byte	-119
 624 0253 02       		.byte	2
 625 0254 8A       		.byte	-118
 626 0255 16       		.byte	22
 627 0256 8B       		.byte	-117
ARM GAS  C:\Users\Gaia Di Federico\AppData\Local\Temp\cc7hIRHj.s 			page 12


 628 0257 04       		.byte	4
 629 0258 8C       		.byte	-116
 630 0259 40       		.byte	64
 631 025a 8D       		.byte	-115
 632 025b 02       		.byte	2
 633 025c 90       		.byte	-112
 634 025d 04       		.byte	4
 635 025e 91       		.byte	-111
 636 025f 10       		.byte	16
 637 0260 92       		.byte	-110
 638 0261 40       		.byte	64
 639 0262 93       		.byte	-109
 640 0263 40       		.byte	64
 641 0264 94       		.byte	-108
 642 0265 80       		.byte	-128
 643 0266 97       		.byte	-105
 644 0267 08       		.byte	8
 645 0268 9D       		.byte	-99
 646 0269 20       		.byte	32
 647 026a 9E       		.byte	-98
 648 026b 80       		.byte	-128
 649 026c 9F       		.byte	-97
 650 026d 51       		.byte	81
 651 026e A0       		.byte	-96
 652 026f 20       		.byte	32
 653 0270 A2       		.byte	-94
 654 0271 22       		.byte	34
 655 0272 A3       		.byte	-93
 656 0273 08       		.byte	8
 657 0274 A5       		.byte	-91
 658 0275 20       		.byte	32
 659 0276 A6       		.byte	-90
 660 0277 10       		.byte	16
 661 0278 C0       		.byte	-64
 662 0279 FF       		.byte	-1
 663 027a C2       		.byte	-62
 664 027b F5       		.byte	-11
 665 027c C4       		.byte	-60
 666 027d 76       		.byte	118
 667 027e CA       		.byte	-54
 668 027f 73       		.byte	115
 669 0280 CC       		.byte	-52
 670 0281 EB       		.byte	-21
 671 0282 CE       		.byte	-50
 672 0283 F4       		.byte	-12
 673 0284 D0       		.byte	-48
 674 0285 74       		.byte	116
 675 0286 D6       		.byte	-42
 676 0287 F0       		.byte	-16
 677 0288 E0       		.byte	-32
 678 0289 08       		.byte	8
 679 028a E4       		.byte	-28
 680 028b 01       		.byte	1
 681 028c EA       		.byte	-22
 682 028d 05       		.byte	5
 683 028e 33       		.byte	51
 684 028f 80       		.byte	-128
ARM GAS  C:\Users\Gaia Di Federico\AppData\Local\Temp\cc7hIRHj.s 			page 13


 685 0290 CC       		.byte	-52
 686 0291 10       		.byte	16
 687 0292 A7       		.byte	-89
 688 0293 80       		.byte	-128
 689 0294 3E       		.byte	62
 690 0295 10       		.byte	16
 691 0296 AF       		.byte	-81
 692 0297 80       		.byte	-128
 693 0298 CE       		.byte	-50
 694 0299 20       		.byte	32
 695 029a EE       		.byte	-18
 696 029b 10       		.byte	16
 697 029c 96       		.byte	-106
 698 029d 10       		.byte	16
 699 029e 03       		.byte	3
 700 029f 20       		.byte	32
 701 02a0 C0       		.byte	-64
 702 02a1 08       		.byte	8
 703 02a2 AF       		.byte	-81
 704 02a3 20       		.byte	32
 705 02a4 8A       		.byte	-118
 706 02a5 01       		.byte	1
 707 02a6 96       		.byte	-106
 708 02a7 10       		.byte	16
 709 02a8 12       		.byte	18
 710 02a9 20       		.byte	32
 711 02aa 16       		.byte	22
 712 02ab 40       		.byte	64
 713 02ac 7B       		.byte	123
 714 02ad 02       		.byte	2
 715 02ae 7E       		.byte	126
 716 02af 01       		.byte	1
 717 02b0 82       		.byte	-126
 718 02b1 20       		.byte	32
 719 02b2 86       		.byte	-122
 720 02b3 40       		.byte	64
 721 02b4 92       		.byte	-110
 722 02b5 02       		.byte	2
 723 02b6 A3       		.byte	-93
 724 02b7 02       		.byte	2
 725 02b8 AA       		.byte	-86
 726 02b9 10       		.byte	16
 727 02ba AB       		.byte	-85
 728 02bb 02       		.byte	2
 729 02bc C4       		.byte	-60
 730 02bd 30       		.byte	48
 731 02be DC       		.byte	-36
 732 02bf 80       		.byte	-128
 733 02c0 DE       		.byte	-34
 734 02c1 20       		.byte	32
 735 02c2 E0       		.byte	-32
 736 02c3 10       		.byte	16
 737 02c4 E4       		.byte	-28
 738 02c5 80       		.byte	-128
 739 02c6 EA       		.byte	-22
 740 02c7 A0       		.byte	-96
 741 02c8 13       		.byte	19
ARM GAS  C:\Users\Gaia Di Federico\AppData\Local\Temp\cc7hIRHj.s 			page 14


 742 02c9 28       		.byte	40
 743 02ca 15       		.byte	21
 744 02cb 02       		.byte	2
 745 02cc 7B       		.byte	123
 746 02cd 10       		.byte	16
 747 02ce 7F       		.byte	127
 748 02cf 40       		.byte	64
 749 02d0 81       		.byte	-127
 750 02d1 02       		.byte	2
 751 02d2 89       		.byte	-119
 752 02d3 01       		.byte	1
 753 02d4 C4       		.byte	-60
 754 02d5 0E       		.byte	14
 755 02d6 DE       		.byte	-34
 756 02d7 03       		.byte	3
 757 02d8 E2       		.byte	-30
 758 02d9 04       		.byte	4
 759 02da 10       		.byte	16
 760 02db 40       		.byte	64
 761 02dc 75       		.byte	117
 762 02dd 02       		.byte	2
 763 02de 83       		.byte	-125
 764 02df 10       		.byte	16
 765 02e0 87       		.byte	-121
 766 02e1 40       		.byte	64
 767 02e2 88       		.byte	-120
 768 02e3 40       		.byte	64
 769 02e4 97       		.byte	-105
 770 02e5 80       		.byte	-128
 771 02e6 99       		.byte	-103
 772 02e7 02       		.byte	2
 773 02e8 A7       		.byte	-89
 774 02e9 10       		.byte	16
 775 02ea AB       		.byte	-85
 776 02eb 28       		.byte	40
 777 02ec C4       		.byte	-60
 778 02ed 08       		.byte	8
 779 02ee DE       		.byte	-34
 780 02ef 04       		.byte	4
 781 02f0 E2       		.byte	-30
 782 02f1 01       		.byte	1
 783 02f2 10       		.byte	16
 784 02f3 01       		.byte	1
 785 02f4 1C       		.byte	28
 786 02f5 01       		.byte	1
 787 02f6 00       		.byte	0
 788 02f7 03       		.byte	3
 789 02f8 03       		.byte	3
 790 02f9 C0       		.byte	-64
 791 02fa 00       		.byte	0
 792 02fb 00       		.byte	0
 793 02fc 82       		.byte	-126
 794 02fd 80       		.byte	-128
 795 02fe 00       		.byte	0
 796 02ff 00       		.byte	0
 797 0300 43       		.byte	67
 798 0301 00       		.byte	0
ARM GAS  C:\Users\Gaia Di Federico\AppData\Local\Temp\cc7hIRHj.s 			page 15


 799 0302 00       		.byte	0
 800 0303 00       		.byte	0
 801 0304 40       		.byte	64
 802 0305 00       		.byte	0
 803 0306 00       		.byte	0
 804 0307 00       		.byte	0
 805 0308 33       		.byte	51
 806 0309 08       		.byte	8
 807 030a 0C       		.byte	12
 808 030b 00       		.byte	0
 809 030c 1C       		.byte	28
 810 030d 18       		.byte	24
 811 030e 23       		.byte	35
 812 030f 00       		.byte	0
 813 0310 03       		.byte	3
 814 0311 7F       		.byte	127
 815 0312 00       		.byte	0
 816 0313 00       		.byte	0
 817 0314 1F       		.byte	31
 818 0315 1C       		.byte	28
 819 0316 20       		.byte	32
 820 0317 61       		.byte	97
 821 0318 01       		.byte	1
 822 0319 3C       		.byte	60
 823 031a 00       		.byte	0
 824 031b 42       		.byte	66
 825 031c 02       		.byte	2
 826 031d 00       		.byte	0
 827 031e 00       		.byte	0
 828 031f 04       		.byte	4
 829 0320 00       		.byte	0
 830 0321 00       		.byte	0
 831 0322 23       		.byte	35
 832 0323 00       		.byte	0
 833 0324 3F       		.byte	63
 834 0325 00       		.byte	0
 835 0326 00       		.byte	0
 836 0327 23       		.byte	35
 837 0328 04       		.byte	4
 838 0329 67       		.byte	103
 839 032a 00       		.byte	0
 840 032b 18       		.byte	24
 841 032c 0C       		.byte	12
 842 032d 04       		.byte	4
 843 032e 00       		.byte	0
 844 032f 00       		.byte	0
 845 0330 08       		.byte	8
 846 0331 10       		.byte	16
 847 0332 00       		.byte	0
 848 0333 00       		.byte	0
 849 0334 2C       		.byte	44
 850 0335 40       		.byte	64
 851 0336 0F       		.byte	15
 852 0337 38       		.byte	56
 853 0338 40       		.byte	64
 854 0339 1F       		.byte	31
 855 033a 10       		.byte	16
ARM GAS  C:\Users\Gaia Di Federico\AppData\Local\Temp\cc7hIRHj.s 			page 16


 856 033b 00       		.byte	0
 857 033c 00       		.byte	0
 858 033d 02       		.byte	2
 859 033e 0A       		.byte	10
 860 033f 20       		.byte	32
 861 0340 00       		.byte	0
 862 0341 00       		.byte	0
 863 0342 50       		.byte	80
 864 0343 00       		.byte	0
 865 0344 35       		.byte	53
 866 0345 04       		.byte	4
 867 0346 06       		.byte	6
 868 0347 00       		.byte	0
 869 0348 01       		.byte	1
 870 0349 0C       		.byte	12
 871 034a E0       		.byte	-32
 872 034b 00       		.byte	0
 873 034c 09       		.byte	9
 874 034d FF       		.byte	-1
 875 034e FF       		.byte	-1
 876 034f FF       		.byte	-1
 877 0350 62       		.byte	98
 878 0351 A0       		.byte	-96
 879 0352 F0       		.byte	-16
 880 0353 41       		.byte	65
 881 0354 0C       		.byte	12
 882 0355 00       		.byte	0
 883 0356 00       		.byte	0
 884 0357 00       		.byte	0
 885 0358 00       		.byte	0
 886 0359 00       		.byte	0
 887 035a 02       		.byte	2
 888 035b 13       		.byte	19
 889 035c 04       		.byte	4
 890 035d 04       		.byte	4
 891 035e 04       		.byte	4
 892 035f 04       		.byte	4
 893 0360 00       		.byte	0
 894 0361 00       		.byte	0
 895 0362 00       		.byte	0
 896 0363 01       		.byte	1
 897 0364 00       		.byte	0
 898 0365 00       		.byte	0
 899 0366 00       		.byte	0
 900 0367 00       		.byte	0
 901 0368 00       		.byte	0
 902 0369 00       		.byte	0
 903 036a 40       		.byte	64
 904 036b 02       		.byte	2
 905 036c 00       		.byte	0
 906 036d 10       		.byte	16
 907 036e 30       		.byte	48
 908 036f 10       		.byte	16
 909 0370 00       		.byte	0
 910 0371 10       		.byte	16
 911 0372 10       		.byte	16
 912 0373 12       		.byte	18
ARM GAS  C:\Users\Gaia Di Federico\AppData\Local\Temp\cc7hIRHj.s 			page 17


 913 0374 00       		.byte	0
 914 0375 00       		.byte	0
 915 0376 00       		.byte	0
 916 0377 00       		.byte	0
 917 0378 00       		.byte	0
 918 0379 00       		.byte	0
 919 037a 00       		.byte	0
 920 037b 00       		.byte	0
 921 037c 00       		.byte	0
 922 037d 00       		.byte	0
 923 037e 00       		.byte	0
 924 037f 00       		.byte	0
 925 0380 00       		.byte	0
 926 0381 00       		.byte	0
 927 0382 00       		.byte	0
 928 0383 00       		.byte	0
 929 0384 83       		.byte	-125
 930 0385 00       		.byte	0
 931 0386 40       		.byte	64
 932 0387 80       		.byte	-128
 933 0388 83       		.byte	-125
 934 0389 00       		.byte	0
 935 038a 83       		.byte	-125
 936 038b 00       		.byte	0
 937 038c 00       		.byte	0
 938 038d 00       		.byte	0
 939 038e 00       		.byte	0
 940 038f 00       		.byte	0
 941 0390 00       		.byte	0
 942 0391 0B       		.byte	11
 943 0392 0B       		.byte	11
 944 0393 00       		.byte	0
 945 0394 00       		.byte	0
 946 0395 00       		.byte	0
 947 0396 00       		.byte	0
 948 0397 00       		.byte	0
 949 0398 01       		.byte	1
 950 0399 00       		.byte	0
 951 039a 00       		.byte	0
 952 039b 00       		.byte	0
 953 039c 00       		.byte	0
 954 039d 00       		.byte	0
 955 039e 00       		.byte	0
 956 039f 00       		.byte	0
 957              		.section	.cywolatch,"a",%progbits
 958              		.align	2
 959              		.type	cy_meta_wonvl, %object
 960              		.size	cy_meta_wonvl, 4
 961              	cy_meta_wonvl:
 962 0000 BC       		.byte	-68
 963 0001 90       		.byte	-112
 964 0002 AC       		.byte	-84
 965 0003 AF       		.byte	-81
 966              		.section	.cycustnvl,"a",%progbits
 967              		.align	2
 968              		.type	cy_meta_custnvl, %object
 969              		.size	cy_meta_custnvl, 4
ARM GAS  C:\Users\Gaia Di Federico\AppData\Local\Temp\cc7hIRHj.s 			page 18


 970              	cy_meta_custnvl:
 971 0000 00       		.byte	0
 972 0001 00       		.byte	0
 973 0002 40       		.byte	64
 974 0003 05       		.byte	5
 975              		.section	.cymeta,"a",%progbits
 976              		.align	2
 977              		.type	cy_metadata, %object
 978              		.size	cy_metadata, 12
 979              	cy_metadata:
 980 0000 00       		.byte	0
 981 0001 01       		.byte	1
 982 0002 2E       		.byte	46
 983 0003 16       		.byte	22
 984 0004 10       		.byte	16
 985 0005 69       		.byte	105
 986 0006 00       		.byte	0
 987 0007 01       		.byte	1
 988 0008 00       		.byte	0
 989 0009 00       		.byte	0
 990 000a 00       		.byte	0
 991 000b 00       		.byte	0
 992              		.section	.cyflashprotect,"a",%progbits
 993              		.align	2
 994              		.type	cy_meta_flashprotect, %object
 995              		.size	cy_meta_flashprotect, 256
 996              	cy_meta_flashprotect:
 997 0000 00000000 		.space	256
 997      00000000 
 997      00000000 
 997      00000000 
 997      00000000 
 998              		.text
 999              	.Letext0:
 1000              		.file 1 "c:\\program files (x86)\\cypress\\psoc creator\\4.4\\psoc creator\\import\\gnu\\arm\\5.4.
 1001              		.file 2 "c:\\program files (x86)\\cypress\\psoc creator\\4.4\\psoc creator\\import\\gnu\\arm\\5.4.
 1002              		.file 3 "Generated_Source\\PSoC5\\cymetadata.c"
 1003              		.section	.debug_info,"",%progbits
 1004              	.Ldebug_info0:
 1005 0000 31010000 		.4byte	0x131
 1006 0004 0400     		.2byte	0x4
 1007 0006 00000000 		.4byte	.Ldebug_abbrev0
 1008 000a 04       		.byte	0x4
 1009 000b 01       		.uleb128 0x1
 1010 000c 24000000 		.4byte	.LASF17
 1011 0010 0C       		.byte	0xc
 1012 0011 F4010000 		.4byte	.LASF18
 1013 0015 B2000000 		.4byte	.LASF19
 1014 0019 00000000 		.4byte	.Ldebug_line0
 1015 001d 02       		.uleb128 0x2
 1016 001e 01       		.byte	0x1
 1017 001f 06       		.byte	0x6
 1018 0020 E8010000 		.4byte	.LASF0
 1019 0024 03       		.uleb128 0x3
 1020 0025 00000000 		.4byte	.LASF9
 1021 0029 01       		.byte	0x1
 1022 002a 1D       		.byte	0x1d
ARM GAS  C:\Users\Gaia Di Federico\AppData\Local\Temp\cc7hIRHj.s 			page 19


 1023 002b 2F000000 		.4byte	0x2f
 1024 002f 02       		.uleb128 0x2
 1025 0030 01       		.byte	0x1
 1026 0031 08       		.byte	0x8
 1027 0032 16000000 		.4byte	.LASF1
 1028 0036 02       		.uleb128 0x2
 1029 0037 02       		.byte	0x2
 1030 0038 05       		.byte	0x5
 1031 0039 D5010000 		.4byte	.LASF2
 1032 003d 02       		.uleb128 0x2
 1033 003e 02       		.byte	0x2
 1034 003f 07       		.byte	0x7
 1035 0040 3A010000 		.4byte	.LASF3
 1036 0044 02       		.uleb128 0x2
 1037 0045 04       		.byte	0x4
 1038 0046 05       		.byte	0x5
 1039 0047 DF010000 		.4byte	.LASF4
 1040 004b 02       		.uleb128 0x2
 1041 004c 04       		.byte	0x4
 1042 004d 07       		.byte	0x7
 1043 004e 28010000 		.4byte	.LASF5
 1044 0052 02       		.uleb128 0x2
 1045 0053 08       		.byte	0x8
 1046 0054 05       		.byte	0x5
 1047 0055 C7010000 		.4byte	.LASF6
 1048 0059 02       		.uleb128 0x2
 1049 005a 08       		.byte	0x8
 1050 005b 07       		.byte	0x7
 1051 005c 7C010000 		.4byte	.LASF7
 1052 0060 04       		.uleb128 0x4
 1053 0061 04       		.byte	0x4
 1054 0062 05       		.byte	0x5
 1055 0063 696E7400 		.ascii	"int\000"
 1056 0067 02       		.uleb128 0x2
 1057 0068 04       		.byte	0x4
 1058 0069 07       		.byte	0x7
 1059 006a 6F010000 		.4byte	.LASF8
 1060 006e 03       		.uleb128 0x3
 1061 006f 93010000 		.4byte	.LASF10
 1062 0073 02       		.byte	0x2
 1063 0074 18       		.byte	0x18
 1064 0075 24000000 		.4byte	0x24
 1065 0079 05       		.uleb128 0x5
 1066 007a 91000000 		.4byte	0x91
 1067 007e 8A000000 		.4byte	0x8a
 1068 0082 06       		.uleb128 0x6
 1069 0083 8A000000 		.4byte	0x8a
 1070 0087 9F03     		.2byte	0x39f
 1071 0089 00       		.byte	0
 1072 008a 02       		.uleb128 0x2
 1073 008b 04       		.byte	0x4
 1074 008c 07       		.byte	0x7
 1075 008d BE010000 		.4byte	.LASF11
 1076 0091 07       		.uleb128 0x7
 1077 0092 6E000000 		.4byte	0x6e
 1078 0096 08       		.uleb128 0x8
 1079 0097 5D010000 		.4byte	.LASF12
ARM GAS  C:\Users\Gaia Di Federico\AppData\Local\Temp\cc7hIRHj.s 			page 20


 1080 009b 03       		.byte	0x3
 1081 009c 1F       		.byte	0x1f
 1082 009d A7000000 		.4byte	0xa7
 1083 00a1 05       		.uleb128 0x5
 1084 00a2 03       		.byte	0x3
 1085 00a3 00000000 		.4byte	cy_meta_configecc
 1086 00a7 07       		.uleb128 0x7
 1087 00a8 79000000 		.4byte	0x79
 1088 00ac 05       		.uleb128 0x5
 1089 00ad 91000000 		.4byte	0x91
 1090 00b1 BC000000 		.4byte	0xbc
 1091 00b5 09       		.uleb128 0x9
 1092 00b6 8A000000 		.4byte	0x8a
 1093 00ba 03       		.byte	0x3
 1094 00bb 00       		.byte	0
 1095 00bc 08       		.uleb128 0x8
 1096 00bd 4D010000 		.4byte	.LASF13
 1097 00c1 03       		.byte	0x3
 1098 00c2 A0       		.byte	0xa0
 1099 00c3 CD000000 		.4byte	0xcd
 1100 00c7 05       		.uleb128 0x5
 1101 00c8 03       		.byte	0x3
 1102 00c9 00000000 		.4byte	cy_meta_custnvl
 1103 00cd 07       		.uleb128 0x7
 1104 00ce AC000000 		.4byte	0xac
 1105 00d2 08       		.uleb128 0x8
 1106 00d3 B0010000 		.4byte	.LASF14
 1107 00d7 03       		.byte	0x3
 1108 00d8 AE       		.byte	0xae
 1109 00d9 E3000000 		.4byte	0xe3
 1110 00dd 05       		.uleb128 0x5
 1111 00de 03       		.byte	0x3
 1112 00df 00000000 		.4byte	cy_meta_wonvl
 1113 00e3 07       		.uleb128 0x7
 1114 00e4 AC000000 		.4byte	0xac
 1115 00e8 05       		.uleb128 0x5
 1116 00e9 91000000 		.4byte	0x91
 1117 00ed F8000000 		.4byte	0xf8
 1118 00f1 09       		.uleb128 0x9
 1119 00f2 8A000000 		.4byte	0x8a
 1120 00f6 FF       		.byte	0xff
 1121 00f7 00       		.byte	0
 1122 00f8 08       		.uleb128 0x8
 1123 00f9 9B010000 		.4byte	.LASF15
 1124 00fd 03       		.byte	0x3
 1125 00fe BC       		.byte	0xbc
 1126 00ff 09010000 		.4byte	0x109
 1127 0103 05       		.uleb128 0x5
 1128 0104 03       		.byte	0x3
 1129 0105 00000000 		.4byte	cy_meta_flashprotect
 1130 0109 07       		.uleb128 0x7
 1131 010a E8000000 		.4byte	0xe8
 1132 010e 05       		.uleb128 0x5
 1133 010f 91000000 		.4byte	0x91
 1134 0113 1E010000 		.4byte	0x11e
 1135 0117 09       		.uleb128 0x9
 1136 0118 8A000000 		.4byte	0x8a
ARM GAS  C:\Users\Gaia Di Federico\AppData\Local\Temp\cc7hIRHj.s 			page 21


 1137 011c 0B       		.byte	0xb
 1138 011d 00       		.byte	0
 1139 011e 08       		.uleb128 0x8
 1140 011f 0A000000 		.4byte	.LASF16
 1141 0123 03       		.byte	0x3
 1142 0124 E9       		.byte	0xe9
 1143 0125 2F010000 		.4byte	0x12f
 1144 0129 05       		.uleb128 0x5
 1145 012a 03       		.byte	0x3
 1146 012b 00000000 		.4byte	cy_metadata
 1147 012f 07       		.uleb128 0x7
 1148 0130 0E010000 		.4byte	0x10e
 1149 0134 00       		.byte	0
 1150              		.section	.debug_abbrev,"",%progbits
 1151              	.Ldebug_abbrev0:
 1152 0000 01       		.uleb128 0x1
 1153 0001 11       		.uleb128 0x11
 1154 0002 01       		.byte	0x1
 1155 0003 25       		.uleb128 0x25
 1156 0004 0E       		.uleb128 0xe
 1157 0005 13       		.uleb128 0x13
 1158 0006 0B       		.uleb128 0xb
 1159 0007 03       		.uleb128 0x3
 1160 0008 0E       		.uleb128 0xe
 1161 0009 1B       		.uleb128 0x1b
 1162 000a 0E       		.uleb128 0xe
 1163 000b 10       		.uleb128 0x10
 1164 000c 17       		.uleb128 0x17
 1165 000d 00       		.byte	0
 1166 000e 00       		.byte	0
 1167 000f 02       		.uleb128 0x2
 1168 0010 24       		.uleb128 0x24
 1169 0011 00       		.byte	0
 1170 0012 0B       		.uleb128 0xb
 1171 0013 0B       		.uleb128 0xb
 1172 0014 3E       		.uleb128 0x3e
 1173 0015 0B       		.uleb128 0xb
 1174 0016 03       		.uleb128 0x3
 1175 0017 0E       		.uleb128 0xe
 1176 0018 00       		.byte	0
 1177 0019 00       		.byte	0
 1178 001a 03       		.uleb128 0x3
 1179 001b 16       		.uleb128 0x16
 1180 001c 00       		.byte	0
 1181 001d 03       		.uleb128 0x3
 1182 001e 0E       		.uleb128 0xe
 1183 001f 3A       		.uleb128 0x3a
 1184 0020 0B       		.uleb128 0xb
 1185 0021 3B       		.uleb128 0x3b
 1186 0022 0B       		.uleb128 0xb
 1187 0023 49       		.uleb128 0x49
 1188 0024 13       		.uleb128 0x13
 1189 0025 00       		.byte	0
 1190 0026 00       		.byte	0
 1191 0027 04       		.uleb128 0x4
 1192 0028 24       		.uleb128 0x24
 1193 0029 00       		.byte	0
ARM GAS  C:\Users\Gaia Di Federico\AppData\Local\Temp\cc7hIRHj.s 			page 22


 1194 002a 0B       		.uleb128 0xb
 1195 002b 0B       		.uleb128 0xb
 1196 002c 3E       		.uleb128 0x3e
 1197 002d 0B       		.uleb128 0xb
 1198 002e 03       		.uleb128 0x3
 1199 002f 08       		.uleb128 0x8
 1200 0030 00       		.byte	0
 1201 0031 00       		.byte	0
 1202 0032 05       		.uleb128 0x5
 1203 0033 01       		.uleb128 0x1
 1204 0034 01       		.byte	0x1
 1205 0035 49       		.uleb128 0x49
 1206 0036 13       		.uleb128 0x13
 1207 0037 01       		.uleb128 0x1
 1208 0038 13       		.uleb128 0x13
 1209 0039 00       		.byte	0
 1210 003a 00       		.byte	0
 1211 003b 06       		.uleb128 0x6
 1212 003c 21       		.uleb128 0x21
 1213 003d 00       		.byte	0
 1214 003e 49       		.uleb128 0x49
 1215 003f 13       		.uleb128 0x13
 1216 0040 2F       		.uleb128 0x2f
 1217 0041 05       		.uleb128 0x5
 1218 0042 00       		.byte	0
 1219 0043 00       		.byte	0
 1220 0044 07       		.uleb128 0x7
 1221 0045 26       		.uleb128 0x26
 1222 0046 00       		.byte	0
 1223 0047 49       		.uleb128 0x49
 1224 0048 13       		.uleb128 0x13
 1225 0049 00       		.byte	0
 1226 004a 00       		.byte	0
 1227 004b 08       		.uleb128 0x8
 1228 004c 34       		.uleb128 0x34
 1229 004d 00       		.byte	0
 1230 004e 03       		.uleb128 0x3
 1231 004f 0E       		.uleb128 0xe
 1232 0050 3A       		.uleb128 0x3a
 1233 0051 0B       		.uleb128 0xb
 1234 0052 3B       		.uleb128 0x3b
 1235 0053 0B       		.uleb128 0xb
 1236 0054 49       		.uleb128 0x49
 1237 0055 13       		.uleb128 0x13
 1238 0056 3F       		.uleb128 0x3f
 1239 0057 19       		.uleb128 0x19
 1240 0058 02       		.uleb128 0x2
 1241 0059 18       		.uleb128 0x18
 1242 005a 00       		.byte	0
 1243 005b 00       		.byte	0
 1244 005c 09       		.uleb128 0x9
 1245 005d 21       		.uleb128 0x21
 1246 005e 00       		.byte	0
 1247 005f 49       		.uleb128 0x49
 1248 0060 13       		.uleb128 0x13
 1249 0061 2F       		.uleb128 0x2f
 1250 0062 0B       		.uleb128 0xb
ARM GAS  C:\Users\Gaia Di Federico\AppData\Local\Temp\cc7hIRHj.s 			page 23


 1251 0063 00       		.byte	0
 1252 0064 00       		.byte	0
 1253 0065 00       		.byte	0
 1254              		.section	.debug_aranges,"",%progbits
 1255 0000 14000000 		.4byte	0x14
 1256 0004 0200     		.2byte	0x2
 1257 0006 00000000 		.4byte	.Ldebug_info0
 1258 000a 04       		.byte	0x4
 1259 000b 00       		.byte	0
 1260 000c 0000     		.2byte	0
 1261 000e 0000     		.2byte	0
 1262 0010 00000000 		.4byte	0
 1263 0014 00000000 		.4byte	0
 1264              		.section	.debug_line,"",%progbits
 1265              	.Ldebug_line0:
 1266 0000 3D010000 		.section	.debug_str,"MS",%progbits,1
 1266      02003701 
 1266      00000201 
 1266      FB0E0D00 
 1266      01010101 
 1267              	.LASF9:
 1268 0000 5F5F7569 		.ascii	"__uint8_t\000"
 1268      6E74385F 
 1268      7400
 1269              	.LASF16:
 1270 000a 63795F6D 		.ascii	"cy_metadata\000"
 1270      65746164 
 1270      61746100 
 1271              	.LASF1:
 1272 0016 756E7369 		.ascii	"unsigned char\000"
 1272      676E6564 
 1272      20636861 
 1272      7200
 1273              	.LASF17:
 1274 0024 474E5520 		.ascii	"GNU C11 5.4.1 20160609 (release) [ARM/embedded-5-br"
 1274      43313120 
 1274      352E342E 
 1274      31203230 
 1274      31363036 
 1275 0057 616E6368 		.ascii	"anch revision 237715] -mcpu=cortex-m3 -mthumb -g -O"
 1275      20726576 
 1275      6973696F 
 1275      6E203233 
 1275      37373135 
 1276 008a 67202D66 		.ascii	"g -ffunction-sections -ffat-lto-objects\000"
 1276      66756E63 
 1276      74696F6E 
 1276      2D736563 
 1276      74696F6E 
 1277              	.LASF19:
 1278 00b2 433A5C55 		.ascii	"C:\\Users\\Gaia Di Federico\\Documents\\LM II Anno\\"
 1278      73657273 
 1278      5C476169 
 1278      61204469 
 1278      20466564 
 1279 00e1 4C61626F 		.ascii	"Laboratorio tecnologie elettroniche\\LTEBS-PROJECT-"
 1279      7261746F 
ARM GAS  C:\Users\Gaia Di Federico\AppData\Local\Temp\cc7hIRHj.s 			page 24


 1279      72696F20 
 1279      7465636E 
 1279      6F6C6F67 
 1280 0113 52525C52 		.ascii	"RR\\RR\\ACC_FIFO.cydsn\000"
 1280      525C4143 
 1280      435F4649 
 1280      464F2E63 
 1280      7964736E 
 1281              	.LASF5:
 1282 0128 6C6F6E67 		.ascii	"long unsigned int\000"
 1282      20756E73 
 1282      69676E65 
 1282      6420696E 
 1282      7400
 1283              	.LASF3:
 1284 013a 73686F72 		.ascii	"short unsigned int\000"
 1284      7420756E 
 1284      7369676E 
 1284      65642069 
 1284      6E7400
 1285              	.LASF13:
 1286 014d 63795F6D 		.ascii	"cy_meta_custnvl\000"
 1286      6574615F 
 1286      63757374 
 1286      6E766C00 
 1287              	.LASF12:
 1288 015d 63795F6D 		.ascii	"cy_meta_configecc\000"
 1288      6574615F 
 1288      636F6E66 
 1288      69676563 
 1288      6300
 1289              	.LASF8:
 1290 016f 756E7369 		.ascii	"unsigned int\000"
 1290      676E6564 
 1290      20696E74 
 1290      00
 1291              	.LASF7:
 1292 017c 6C6F6E67 		.ascii	"long long unsigned int\000"
 1292      206C6F6E 
 1292      6720756E 
 1292      7369676E 
 1292      65642069 
 1293              	.LASF10:
 1294 0193 75696E74 		.ascii	"uint8_t\000"
 1294      385F7400 
 1295              	.LASF15:
 1296 019b 63795F6D 		.ascii	"cy_meta_flashprotect\000"
 1296      6574615F 
 1296      666C6173 
 1296      6870726F 
 1296      74656374 
 1297              	.LASF14:
 1298 01b0 63795F6D 		.ascii	"cy_meta_wonvl\000"
 1298      6574615F 
 1298      776F6E76 
 1298      6C00
 1299              	.LASF11:
ARM GAS  C:\Users\Gaia Di Federico\AppData\Local\Temp\cc7hIRHj.s 			page 25


 1300 01be 73697A65 		.ascii	"sizetype\000"
 1300      74797065 
 1300      00
 1301              	.LASF6:
 1302 01c7 6C6F6E67 		.ascii	"long long int\000"
 1302      206C6F6E 
 1302      6720696E 
 1302      7400
 1303              	.LASF2:
 1304 01d5 73686F72 		.ascii	"short int\000"
 1304      7420696E 
 1304      7400
 1305              	.LASF4:
 1306 01df 6C6F6E67 		.ascii	"long int\000"
 1306      20696E74 
 1306      00
 1307              	.LASF0:
 1308 01e8 7369676E 		.ascii	"signed char\000"
 1308      65642063 
 1308      68617200 
 1309              	.LASF18:
 1310 01f4 47656E65 		.ascii	"Generated_Source\\PSoC5\\cymetadata.c\000"
 1310      72617465 
 1310      645F536F 
 1310      75726365 
 1310      5C50536F 
 1311              		.ident	"GCC: (GNU Tools for ARM Embedded Processors) 5.4.1 20160609 (release) [ARM/embedded-5-bran
